[Parallel(n_jobs=30)]: Using backend LokyBackend with 30 concurrent workers.
epsilon: 1, epsilon_m: [2, 8], gamma: 0, n: 80000, n_m: 0, d: 2, M: 2, K: 2, if_weighted: True
Traceback (most recent call last):
  File "/home/yuheng.ma/LDP-MAB/run.py", line 19, in <module>
    run_base_order_auxiliary()
  File "/home/yuheng.ma/LDP-MAB/scripts/order_of_auxiliary.py", line 285, in run_base_order_auxiliary
    Parallel(n_jobs = num_jobs, verbose = 30)(delayed(base_evaluate_tree_symmetric)(iterate, epsilon, epsilon_m, gamma, n, n_m, d, M, K, if_weighted) for iterate in range(num_repetitions))
  File "/home/yuheng.ma/miniconda3/envs/general/lib/python3.11/site-packages/joblib/parallel.py", line 2007, in __call__
    return output if self.return_generator else list(output)
                                                ^^^^^^^^^^^^
  File "/home/yuheng.ma/miniconda3/envs/general/lib/python3.11/site-packages/joblib/parallel.py", line 1650, in _get_outputs
    yield from self._retrieve()
  File "/home/yuheng.ma/miniconda3/envs/general/lib/python3.11/site-packages/joblib/parallel.py", line 1754, in _retrieve
    self._raise_error_fast()
  File "/home/yuheng.ma/miniconda3/envs/general/lib/python3.11/site-packages/joblib/parallel.py", line 1789, in _raise_error_fast
    error_job.get_result(self.timeout)
  File "/home/yuheng.ma/miniconda3/envs/general/lib/python3.11/site-packages/joblib/parallel.py", line 745, in get_result
    return self._return_or_raise()
           ^^^^^^^^^^^^^^^^^^^^^^^
  File "/home/yuheng.ma/miniconda3/envs/general/lib/python3.11/site-packages/joblib/parallel.py", line 763, in _return_or_raise
    raise self._result
  File "/home/yuheng.ma/miniconda3/envs/general/lib/python3.11/site-packages/joblib/parallel.py", line 1469, in dispatch_one_batch
    islice = list(itertools.islice(iterator, big_batch_size))
             ^^^^^^^^^^^^^^^^^^^^^^^^^^^^^^^^^^^^^^^^^^^^^^^^
  File "/home/yuheng.ma/LDP-MAB/scripts/order_of_auxiliary.py", line 285, in <genexpr>
    Parallel(n_jobs = num_jobs, verbose = 30)(delayed(base_evaluate_tree_symmetric)(iterate, epsilon, epsilon_m, gamma, n, n_m, d, M, K, if_weighted) for iterate in range(num_repetitions))
                                                      ^^^^^^^^^^^^^^^^^^^^^^^^^^^^
NameError: name 'base_evaluate_tree_symmetric' is not defined. Did you mean: 'base_evaluate_tree_symmetric_first_inf'?
