[Parallel(n_jobs=30)]: Using backend LokyBackend with 30 concurrent workers.
epsilon: 1, epsilon_m: [2, 8], gamma: 0, n: 10000, n_m: 10000, d: 2, M: 2, K: 3, if_weighted: True
/home/yuheng.ma/LDP-MAB/LDPMAB/_estimator.py:77: RuntimeWarning: divide by zero encountered in divide
  self.r = np.sqrt(self.sum_V_bound.sum(axis = 0) + 1e-4) / np.abs(self.sum_U_bound.sum(axis = 0))
/home/yuheng.ma/LDP-MAB/LDPMAB/_estimator.py:77: RuntimeWarning: divide by zero encountered in divide
  self.r = np.sqrt(self.sum_V_bound.sum(axis = 0) + 1e-4) / np.abs(self.sum_U_bound.sum(axis = 0))
/home/yuheng.ma/LDP-MAB/LDPMAB/_estimator.py:77: RuntimeWarning: divide by zero encountered in divide
  self.r = np.sqrt(self.sum_V_bound.sum(axis = 0) + 1e-4) / np.abs(self.sum_U_bound.sum(axis = 0))
/home/yuheng.ma/LDP-MAB/LDPMAB/_estimator.py:77: RuntimeWarning: divide by zero encountered in divide
  self.r = np.sqrt(self.sum_V_bound.sum(axis = 0) + 1e-4) / np.abs(self.sum_U_bound.sum(axis = 0))
/home/yuheng.ma/LDP-MAB/LDPMAB/_estimator.py:77: RuntimeWarning: divide by zero encountered in divide
  self.r = np.sqrt(self.sum_V_bound.sum(axis = 0) + 1e-4) / np.abs(self.sum_U_bound.sum(axis = 0))
/home/yuheng.ma/LDP-MAB/LDPMAB/_estimator.py:77: RuntimeWarning: divide by zero encountered in divide
  self.r = np.sqrt(self.sum_V_bound.sum(axis = 0) + 1e-4) / np.abs(self.sum_U_bound.sum(axis = 0))
/home/yuheng.ma/LDP-MAB/LDPMAB/_estimator.py:77: RuntimeWarning: divide by zero encountered in divide
  self.r = np.sqrt(self.sum_V_bound.sum(axis = 0) + 1e-4) / np.abs(self.sum_U_bound.sum(axis = 0))
/home/yuheng.ma/LDP-MAB/LDPMAB/_estimator.py:77: RuntimeWarning: divide by zero encountered in divide
  self.r = np.sqrt(self.sum_V_bound.sum(axis = 0) + 1e-4) / np.abs(self.sum_U_bound.sum(axis = 0))
/home/yuheng.ma/LDP-MAB/LDPMAB/_estimator.py:77: RuntimeWarning: divide by zero encountered in divide
  self.r = np.sqrt(self.sum_V_bound.sum(axis = 0) + 1e-4) / np.abs(self.sum_U_bound.sum(axis = 0))
/home/yuheng.ma/LDP-MAB/LDPMAB/_estimator.py:77: RuntimeWarning: divide by zero encountered in divide
  self.r = np.sqrt(self.sum_V_bound.sum(axis = 0) + 1e-4) / np.abs(self.sum_U_bound.sum(axis = 0))
/home/yuheng.ma/LDP-MAB/LDPMAB/_estimator.py:77: RuntimeWarning: divide by zero encountered in divide
  self.r = np.sqrt(self.sum_V_bound.sum(axis = 0) + 1e-4) / np.abs(self.sum_U_bound.sum(axis = 0))
/home/yuheng.ma/LDP-MAB/LDPMAB/_estimator.py:77: RuntimeWarning: divide by zero encountered in divide
  self.r = np.sqrt(self.sum_V_bound.sum(axis = 0) + 1e-4) / np.abs(self.sum_U_bound.sum(axis = 0))
/home/yuheng.ma/LDP-MAB/LDPMAB/_estimator.py:77: RuntimeWarning: divide by zero encountered in divide
  self.r = np.sqrt(self.sum_V_bound.sum(axis = 0) + 1e-4) / np.abs(self.sum_U_bound.sum(axis = 0))
/home/yuheng.ma/LDP-MAB/LDPMAB/_estimator.py:77: RuntimeWarning: divide by zero encountered in divide
  self.r = np.sqrt(self.sum_V_bound.sum(axis = 0) + 1e-4) / np.abs(self.sum_U_bound.sum(axis = 0))
/home/yuheng.ma/LDP-MAB/LDPMAB/_estimator.py:77: RuntimeWarning: divide by zero encountered in divide
  self.r = np.sqrt(self.sum_V_bound.sum(axis = 0) + 1e-4) / np.abs(self.sum_U_bound.sum(axis = 0))
/home/yuheng.ma/LDP-MAB/LDPMAB/_estimator.py:77: RuntimeWarning: divide by zero encountered in divide
  self.r = np.sqrt(self.sum_V_bound.sum(axis = 0) + 1e-4) / np.abs(self.sum_U_bound.sum(axis = 0))
/home/yuheng.ma/LDP-MAB/LDPMAB/_estimator.py:77: RuntimeWarning: divide by zero encountered in divide
  self.r = np.sqrt(self.sum_V_bound.sum(axis = 0) + 1e-4) / np.abs(self.sum_U_bound.sum(axis = 0))
/home/yuheng.ma/LDP-MAB/LDPMAB/_estimator.py:77: RuntimeWarning: divide by zero encountered in divide
  self.r = np.sqrt(self.sum_V_bound.sum(axis = 0) + 1e-4) / np.abs(self.sum_U_bound.sum(axis = 0))
/home/yuheng.ma/LDP-MAB/LDPMAB/_estimator.py:77: RuntimeWarning: divide by zero encountered in divide
  self.r = np.sqrt(self.sum_V_bound.sum(axis = 0) + 1e-4) / np.abs(self.sum_U_bound.sum(axis = 0))
/home/yuheng.ma/LDP-MAB/LDPMAB/_estimator.py:77: RuntimeWarning: divide by zero encountered in divide
  self.r = np.sqrt(self.sum_V_bound.sum(axis = 0) + 1e-4) / np.abs(self.sum_U_bound.sum(axis = 0))
/home/yuheng.ma/LDP-MAB/LDPMAB/_estimator.py:77: RuntimeWarning: divide by zero encountered in divide
  self.r = np.sqrt(self.sum_V_bound.sum(axis = 0) + 1e-4) / np.abs(self.sum_U_bound.sum(axis = 0))
/home/yuheng.ma/LDP-MAB/LDPMAB/_estimator.py:77: RuntimeWarning: divide by zero encountered in divide
  self.r = np.sqrt(self.sum_V_bound.sum(axis = 0) + 1e-4) / np.abs(self.sum_U_bound.sum(axis = 0))
/home/yuheng.ma/LDP-MAB/LDPMAB/_estimator.py:77: RuntimeWarning: divide by zero encountered in divide
  self.r = np.sqrt(self.sum_V_bound.sum(axis = 0) + 1e-4) / np.abs(self.sum_U_bound.sum(axis = 0))
/home/yuheng.ma/LDP-MAB/LDPMAB/_estimator.py:77: RuntimeWarning: divide by zero encountered in divide
  self.r = np.sqrt(self.sum_V_bound.sum(axis = 0) + 1e-4) / np.abs(self.sum_U_bound.sum(axis = 0))
/home/yuheng.ma/LDP-MAB/LDPMAB/_estimator.py:77: RuntimeWarning: divide by zero encountered in divide
  self.r = np.sqrt(self.sum_V_bound.sum(axis = 0) + 1e-4) / np.abs(self.sum_U_bound.sum(axis = 0))
/home/yuheng.ma/LDP-MAB/LDPMAB/_estimator.py:77: RuntimeWarning: divide by zero encountered in divide
  self.r = np.sqrt(self.sum_V_bound.sum(axis = 0) + 1e-4) / np.abs(self.sum_U_bound.sum(axis = 0))
/home/yuheng.ma/LDP-MAB/LDPMAB/_estimator.py:77: RuntimeWarning: divide by zero encountered in divide
  self.r = np.sqrt(self.sum_V_bound.sum(axis = 0) + 1e-4) / np.abs(self.sum_U_bound.sum(axis = 0))
/home/yuheng.ma/LDP-MAB/LDPMAB/_estimator.py:77: RuntimeWarning: divide by zero encountered in divide
  self.r = np.sqrt(self.sum_V_bound.sum(axis = 0) + 1e-4) / np.abs(self.sum_U_bound.sum(axis = 0))
/home/yuheng.ma/LDP-MAB/LDPMAB/_estimator.py:77: RuntimeWarning: divide by zero encountered in divide
  self.r = np.sqrt(self.sum_V_bound.sum(axis = 0) + 1e-4) / np.abs(self.sum_U_bound.sum(axis = 0))
/home/yuheng.ma/LDP-MAB/LDPMAB/_estimator.py:77: RuntimeWarning: divide by zero encountered in divide
  self.r = np.sqrt(self.sum_V_bound.sum(axis = 0) + 1e-4) / np.abs(self.sum_U_bound.sum(axis = 0))
[Parallel(n_jobs=30)]: Done   1 tasks      | elapsed:    2.3s
[Parallel(n_jobs=30)]: Done   3 out of  30 | elapsed:    2.3s remaining:   21.1s
[Parallel(n_jobs=30)]: Done   5 out of  30 | elapsed:    2.4s remaining:   11.8s
[Parallel(n_jobs=30)]: Done   7 out of  30 | elapsed:    2.4s remaining:    7.8s
[Parallel(n_jobs=30)]: Done   9 out of  30 | elapsed:    2.4s remaining:    5.6s
[Parallel(n_jobs=30)]: Done  11 out of  30 | elapsed:    2.4s remaining:    4.2s
[Parallel(n_jobs=30)]: Done  13 out of  30 | elapsed:    2.4s remaining:    3.2s
[Parallel(n_jobs=30)]: Done  15 out of  30 | elapsed:    2.5s remaining:    2.5s
[Parallel(n_jobs=30)]: Done  17 out of  30 | elapsed:    2.5s remaining:    1.9s
[Parallel(n_jobs=30)]: Done  19 out of  30 | elapsed:    2.6s remaining:    1.5s
[Parallel(n_jobs=30)]: Done  21 out of  30 | elapsed:    3.0s remaining:    1.3s
[Parallel(n_jobs=30)]: Done  23 out of  30 | elapsed:    3.1s remaining:    0.9s
[Parallel(n_jobs=30)]: Done  25 out of  30 | elapsed:    3.1s remaining:    0.6s
[Parallel(n_jobs=30)]: Done  27 out of  30 | elapsed:    3.1s remaining:    0.3s
[Parallel(n_jobs=30)]: Done  30 out of  30 | elapsed:    3.6s finished
[Parallel(n_jobs=30)]: Using backend LokyBackend with 30 concurrent workers.
[Parallel(n_jobs=30)]: Done   1 tasks      | elapsed:    1.6s
[Parallel(n_jobs=30)]: Done   3 out of  30 | elapsed:    1.6s remaining:   14.5s
[Parallel(n_jobs=30)]: Done   5 out of  30 | elapsed:    1.6s remaining:    8.1s
[Parallel(n_jobs=30)]: Done   7 out of  30 | elapsed:    1.6s remaining:    5.3s
[Parallel(n_jobs=30)]: Done   9 out of  30 | elapsed:    1.6s remaining:    3.8s
[Parallel(n_jobs=30)]: Done  11 out of  30 | elapsed:    1.6s remaining:    2.8s
[Parallel(n_jobs=30)]: Done  13 out of  30 | elapsed:    1.6s remaining:    2.2s
[Parallel(n_jobs=30)]: Done  15 out of  30 | elapsed:    1.7s remaining:    1.7s
[Parallel(n_jobs=30)]: Done  17 out of  30 | elapsed:    1.7s remaining:    1.3s
[Parallel(n_jobs=30)]: Done  19 out of  30 | elapsed:    1.8s remaining:    1.1s
[Parallel(n_jobs=30)]: Done  21 out of  30 | elapsed:    2.2s remaining:    0.9s
[Parallel(n_jobs=30)]: Done  23 out of  30 | elapsed:    2.2s remaining:    0.7s
[Parallel(n_jobs=30)]: Done  25 out of  30 | elapsed:    2.3s remaining:    0.5s
[Parallel(n_jobs=30)]: Done  27 out of  30 | elapsed:    2.3s remaining:    0.3s
[Parallel(n_jobs=30)]: Done  30 out of  30 | elapsed:    2.4s finished
[Parallel(n_jobs=30)]: Using backend LokyBackend with 30 concurrent workers.
[Parallel(n_jobs=30)]: Done   1 tasks      | elapsed:    2.2s
[Parallel(n_jobs=30)]: Done   3 out of  30 | elapsed:    2.2s remaining:   20.0s
[Parallel(n_jobs=30)]: Done   5 out of  30 | elapsed:    2.2s remaining:   11.1s
[Parallel(n_jobs=30)]: Done   7 out of  30 | elapsed:    2.2s remaining:    7.4s
[Parallel(n_jobs=30)]: Done   9 out of  30 | elapsed:    2.3s remaining:    5.3s
[Parallel(n_jobs=30)]: Done  11 out of  30 | elapsed:    2.3s remaining:    3.9s
[Parallel(n_jobs=30)]: Done  13 out of  30 | elapsed:    2.3s remaining:    3.0s
[Parallel(n_jobs=30)]: Done  15 out of  30 | elapsed:    2.3s remaining:    2.3s
[Parallel(n_jobs=30)]: Done  17 out of  30 | elapsed:    2.3s remaining:    1.8s
[Parallel(n_jobs=30)]: Done  19 out of  30 | elapsed:    2.3s remaining:    1.4s
[Parallel(n_jobs=30)]: Done  21 out of  30 | elapsed:    3.0s remaining:    1.3s
[Parallel(n_jobs=30)]: Done  23 out of  30 | elapsed:    3.1s remaining:    0.9s
[Parallel(n_jobs=30)]: Done  25 out of  30 | elapsed:    3.2s remaining:    0.6s
[Parallel(n_jobs=30)]: Done  27 out of  30 | elapsed:    3.2s remaining:    0.4s
[Parallel(n_jobs=30)]: Done  30 out of  30 | elapsed:    3.5s finished
[Parallel(n_jobs=30)]: Using backend LokyBackend with 30 concurrent workers.
[Parallel(n_jobs=30)]: Done   1 tasks      | elapsed:    2.2s
[Parallel(n_jobs=30)]: Done   3 out of  30 | elapsed:    2.2s remaining:   20.2s
[Parallel(n_jobs=30)]: Done   5 out of  30 | elapsed:    2.3s remaining:   11.3s
[Parallel(n_jobs=30)]: Done   7 out of  30 | elapsed:    2.3s remaining:    7.5s
[Parallel(n_jobs=30)]: Done   9 out of  30 | elapsed:    2.3s remaining:    5.4s
[Parallel(n_jobs=30)]: Done  11 out of  30 | elapsed:    2.3s remaining:    4.0s
[Parallel(n_jobs=30)]: Done  13 out of  30 | elapsed:    2.3s remaining:    3.0s
[Parallel(n_jobs=30)]: Done  15 out of  30 | elapsed:    2.3s remaining:    2.3s
[Parallel(n_jobs=30)]: Done  17 out of  30 | elapsed:    2.4s remaining:    1.8s
[Parallel(n_jobs=30)]: Done  19 out of  30 | elapsed:    2.5s remaining:    1.4s
[Parallel(n_jobs=30)]: Done  21 out of  30 | elapsed:    3.0s remaining:    1.3s
[Parallel(n_jobs=30)]: Done  23 out of  30 | elapsed:    3.1s remaining:    1.0s
[Parallel(n_jobs=30)]: Done  25 out of  30 | elapsed:    3.2s remaining:    0.6s
[Parallel(n_jobs=30)]: Done  27 out of  30 | elapsed:    3.3s remaining:    0.4s
[Parallel(n_jobs=30)]: Done  30 out of  30 | elapsed:    3.3s finished
[Parallel(n_jobs=30)]: Using backend LokyBackend with 30 concurrent workers.
[Parallel(n_jobs=30)]: Done   1 tasks      | elapsed:    4.5s
[Parallel(n_jobs=30)]: Done   3 out of  30 | elapsed:    4.5s remaining:   40.8s
[Parallel(n_jobs=30)]: Done   5 out of  30 | elapsed:    4.5s remaining:   22.7s
[Parallel(n_jobs=30)]: Done   7 out of  30 | elapsed:    4.6s remaining:   15.1s
[Parallel(n_jobs=30)]: Done   9 out of  30 | elapsed:    4.6s remaining:   10.8s
[Parallel(n_jobs=30)]: Done  11 out of  30 | elapsed:    4.6s remaining:    8.0s
[Parallel(n_jobs=30)]: Done  13 out of  30 | elapsed:    4.6s remaining:    6.1s
[Parallel(n_jobs=30)]: Done  15 out of  30 | elapsed:    4.7s remaining:    4.7s
[Parallel(n_jobs=30)]: Done  17 out of  30 | elapsed:    4.7s remaining:    3.6s
[Parallel(n_jobs=30)]: Done  19 out of  30 | elapsed:    4.7s remaining:    2.7s
[Parallel(n_jobs=30)]: Done  21 out of  30 | elapsed:    6.1s remaining:    2.6s
[Parallel(n_jobs=30)]: Done  23 out of  30 | elapsed:    6.3s remaining:    1.9s
[Parallel(n_jobs=30)]: Done  25 out of  30 | elapsed:    6.4s remaining:    1.3s
[Parallel(n_jobs=30)]: Done  27 out of  30 | elapsed:    6.6s remaining:    0.7s
[Parallel(n_jobs=30)]: Done  30 out of  30 | elapsed:    7.2s finished
[Parallel(n_jobs=30)]: Using backend LokyBackend with 30 concurrent workers.
[Parallel(n_jobs=30)]: Done   1 tasks      | elapsed:    4.8s
[Parallel(n_jobs=30)]: Done   3 out of  30 | elapsed:    4.9s remaining:   43.9s
[Parallel(n_jobs=30)]: Done   5 out of  30 | elapsed:    5.0s remaining:   25.0s
[Parallel(n_jobs=30)]: Done   7 out of  30 | elapsed:    5.0s remaining:   16.6s
[Parallel(n_jobs=30)]: Done   9 out of  30 | elapsed:    5.0s remaining:   11.8s
[Parallel(n_jobs=30)]: Done  11 out of  30 | elapsed:    5.1s remaining:    8.8s
[Parallel(n_jobs=30)]: Done  13 out of  30 | elapsed:    5.1s remaining:    6.7s
[Parallel(n_jobs=30)]: Done  15 out of  30 | elapsed:    5.1s remaining:    5.1s
[Parallel(n_jobs=30)]: Done  17 out of  30 | elapsed:    5.2s remaining:    4.0s
[Parallel(n_jobs=30)]: Done  19 out of  30 | elapsed:    5.3s remaining:    3.1s
[Parallel(n_jobs=30)]: Done  21 out of  30 | elapsed:    6.7s remaining:    2.9s
[Parallel(n_jobs=30)]: Done  23 out of  30 | elapsed:    6.8s remaining:    2.1s
[Parallel(n_jobs=30)]: Done  25 out of  30 | elapsed:    7.0s remaining:    1.4s
[Parallel(n_jobs=30)]: Done  27 out of  30 | elapsed:    7.0s remaining:    0.8s
[Parallel(n_jobs=30)]: Done  30 out of  30 | elapsed:    7.6s finished
[Parallel(n_jobs=30)]: Using backend LokyBackend with 30 concurrent workers.
[Parallel(n_jobs=30)]: Done   1 tasks      | elapsed:    9.2s
[Parallel(n_jobs=30)]: Done   3 out of  30 | elapsed:    9.5s remaining:  1.4min
[Parallel(n_jobs=30)]: Done   5 out of  30 | elapsed:    9.5s remaining:   47.5s
[Parallel(n_jobs=30)]: Done   7 out of  30 | elapsed:    9.5s remaining:   31.4s
[Parallel(n_jobs=30)]: Done   9 out of  30 | elapsed:    9.6s remaining:   22.4s
[Parallel(n_jobs=30)]: Done  11 out of  30 | elapsed:    9.6s remaining:   16.7s
[Parallel(n_jobs=30)]: Done  13 out of  30 | elapsed:    9.7s remaining:   12.7s
[Parallel(n_jobs=30)]: Done  15 out of  30 | elapsed:    9.8s remaining:    9.8s
[Parallel(n_jobs=30)]: Done  17 out of  30 | elapsed:    9.9s remaining:    7.6s
[Parallel(n_jobs=30)]: Done  19 out of  30 | elapsed:   10.0s remaining:    5.8s
[Parallel(n_jobs=30)]: Done  21 out of  30 | elapsed:   13.0s remaining:    5.6s
[Parallel(n_jobs=30)]: Done  23 out of  30 | elapsed:   13.2s remaining:    4.0s
[Parallel(n_jobs=30)]: Done  25 out of  30 | elapsed:   13.3s remaining:    2.7s
[Parallel(n_jobs=30)]: Done  27 out of  30 | elapsed:   13.3s remaining:    1.5s
[Parallel(n_jobs=30)]: Done  30 out of  30 | elapsed:   14.4s finished
[Parallel(n_jobs=30)]: Using backend LokyBackend with 30 concurrent workers.
[Parallel(n_jobs=30)]: Done   1 tasks      | elapsed:   12.2s
[Parallel(n_jobs=30)]: Done   3 out of  30 | elapsed:   12.4s remaining:  1.9min
[Parallel(n_jobs=30)]: Done   5 out of  30 | elapsed:   12.6s remaining:  1.0min
[Parallel(n_jobs=30)]: Done   7 out of  30 | elapsed:   12.6s remaining:   41.5s
[Parallel(n_jobs=30)]: Done   9 out of  30 | elapsed:   12.7s remaining:   29.7s
[Parallel(n_jobs=30)]: Done  11 out of  30 | elapsed:   12.8s remaining:   22.1s
[Parallel(n_jobs=30)]: Done  13 out of  30 | elapsed:   12.8s remaining:   16.8s
[Parallel(n_jobs=30)]: Done  15 out of  30 | elapsed:   12.8s remaining:   12.8s
[Parallel(n_jobs=30)]: Done  17 out of  30 | elapsed:   12.9s remaining:    9.8s
[Parallel(n_jobs=30)]: Done  19 out of  30 | elapsed:   13.0s remaining:    7.5s
[Parallel(n_jobs=30)]: Done  21 out of  30 | elapsed:   17.1s remaining:    7.3s
[Parallel(n_jobs=30)]: Done  23 out of  30 | elapsed:   17.2s remaining:    5.2s
[Parallel(n_jobs=30)]: Done  25 out of  30 | elapsed:   17.4s remaining:    3.5s
[Parallel(n_jobs=30)]: Done  27 out of  30 | elapsed:   17.6s remaining:    2.0s
[Parallel(n_jobs=30)]: Done  30 out of  30 | elapsed:   19.1s finished
[Parallel(n_jobs=30)]: Using backend LokyBackend with 30 concurrent workers.
[Parallel(n_jobs=30)]: Done   1 tasks      | elapsed:    1.5s
[Parallel(n_jobs=30)]: Done   3 out of  30 | elapsed:    1.5s remaining:   13.7s
[Parallel(n_jobs=30)]: Done   5 out of  30 | elapsed:    1.5s remaining:    7.7s
[Parallel(n_jobs=30)]: Done   7 out of  30 | elapsed:    1.5s remaining:    5.1s
[Parallel(n_jobs=30)]: Done   9 out of  30 | elapsed:    1.6s remaining:    3.6s
[Parallel(n_jobs=30)]: Done  11 out of  30 | elapsed:    1.6s remaining:    2.7s
[Parallel(n_jobs=30)]: Done  13 out of  30 | elapsed:    1.6s remaining:    2.0s
[Parallel(n_jobs=30)]: Done  15 out of  30 | elapsed:    1.6s remaining:    1.6s
[Parallel(n_jobs=30)]: Done  17 out of  30 | elapsed:    1.6s remaining:    1.2s
[Parallel(n_jobs=30)]: Done  19 out of  30 | elapsed:    1.8s remaining:    1.0s
[Parallel(n_jobs=30)]: Done  21 out of  30 | elapsed:    2.1s remaining:    0.9s
[Parallel(n_jobs=30)]: Done  23 out of  30 | elapsed:    2.2s remaining:    0.7s
[Parallel(n_jobs=30)]: Done  25 out of  30 | elapsed:    2.2s remaining:    0.4s
[Parallel(n_jobs=30)]: Done  27 out of  30 | elapsed:    2.2s remaining:    0.2s
[Parallel(n_jobs=30)]: Done  30 out of  30 | elapsed:    2.4s finished
[Parallel(n_jobs=30)]: Using backend LokyBackend with 30 concurrent workers.
[Parallel(n_jobs=30)]: Done   1 tasks      | elapsed:    1.6s
[Parallel(n_jobs=30)]: Done   3 out of  30 | elapsed:    1.6s remaining:   14.4s
[Parallel(n_jobs=30)]: Done   5 out of  30 | elapsed:    1.6s remaining:    8.0s
[Parallel(n_jobs=30)]: Done   7 out of  30 | elapsed:    1.6s remaining:    5.3s
[Parallel(n_jobs=30)]: Done   9 out of  30 | elapsed:    1.6s remaining:    3.8s
[Parallel(n_jobs=30)]: Done  11 out of  30 | elapsed:    1.7s remaining:    2.9s
[Parallel(n_jobs=30)]: Done  13 out of  30 | elapsed:    1.7s remaining:    2.2s
[Parallel(n_jobs=30)]: Done  15 out of  30 | elapsed:    1.7s remaining:    1.7s
[Parallel(n_jobs=30)]: Done  17 out of  30 | elapsed:    1.7s remaining:    1.3s
[Parallel(n_jobs=30)]: Done  19 out of  30 | elapsed:    1.8s remaining:    1.0s
[Parallel(n_jobs=30)]: Done  21 out of  30 | elapsed:    2.1s remaining:    0.9s
[Parallel(n_jobs=30)]: Done  23 out of  30 | elapsed:    2.3s remaining:    0.7s
[Parallel(n_jobs=30)]: Done  25 out of  30 | elapsed:    2.3s remaining:    0.5s
[Parallel(n_jobs=30)]: Done  27 out of  30 | elapsed:    2.4s remaining:    0.3s
[Parallel(n_jobs=30)]: Done  30 out of  30 | elapsed:    2.5s finished
[Parallel(n_jobs=30)]: Using backend LokyBackend with 30 concurrent workers.
[Parallel(n_jobs=30)]: Done   1 tasks      | elapsed:    2.2s
[Parallel(n_jobs=30)]: Done   3 out of  30 | elapsed:    2.2s remaining:   20.1s
[Parallel(n_jobs=30)]: Done   5 out of  30 | elapsed:    2.2s remaining:   11.2s
[Parallel(n_jobs=30)]: Done   7 out of  30 | elapsed:    2.3s remaining:    7.5s
[Parallel(n_jobs=30)]: Done   9 out of  30 | elapsed:    2.3s remaining:    5.3s
[Parallel(n_jobs=30)]: Done  11 out of  30 | elapsed:    2.3s remaining:    4.0s
[Parallel(n_jobs=30)]: Done  13 out of  30 | elapsed:    2.3s remaining:    3.0s
[Parallel(n_jobs=30)]: Done  15 out of  30 | elapsed:    2.3s remaining:    2.3s
[Parallel(n_jobs=30)]: Done  17 out of  30 | elapsed:    2.4s remaining:    1.8s
[Parallel(n_jobs=30)]: Done  19 out of  30 | elapsed:    2.4s remaining:    1.4s
[Parallel(n_jobs=30)]: Done  21 out of  30 | elapsed:    3.0s remaining:    1.3s
[Parallel(n_jobs=30)]: Done  23 out of  30 | elapsed:    3.1s remaining:    1.0s
[Parallel(n_jobs=30)]: Done  25 out of  30 | elapsed:    3.2s remaining:    0.6s
[Parallel(n_jobs=30)]: Done  27 out of  30 | elapsed:    3.2s remaining:    0.4s
[Parallel(n_jobs=30)]: Done  30 out of  30 | elapsed:    3.3s finished
[Parallel(n_jobs=30)]: Using backend LokyBackend with 30 concurrent workers.
[Parallel(n_jobs=30)]: Done   1 tasks      | elapsed:    2.3s
[Parallel(n_jobs=30)]: Done   3 out of  30 | elapsed:    2.3s remaining:   20.5s
[Parallel(n_jobs=30)]: Done   5 out of  30 | elapsed:    2.3s remaining:   11.5s
[Parallel(n_jobs=30)]: Done   7 out of  30 | elapsed:    2.3s remaining:    7.7s
[Parallel(n_jobs=30)]: Done   9 out of  30 | elapsed:    2.3s remaining:    5.5s
[Parallel(n_jobs=30)]: Done  11 out of  30 | elapsed:    2.4s remaining:    4.1s
[Parallel(n_jobs=30)]: Done  13 out of  30 | elapsed:    2.4s remaining:    3.1s
[Parallel(n_jobs=30)]: Done  15 out of  30 | elapsed:    2.4s remaining:    2.4s
[Parallel(n_jobs=30)]: Done  17 out of  30 | elapsed:    2.4s remaining:    1.8s
[Parallel(n_jobs=30)]: Done  19 out of  30 | elapsed:    2.5s remaining:    1.4s
[Parallel(n_jobs=30)]: Done  21 out of  30 | elapsed:    3.1s remaining:    1.3s
[Parallel(n_jobs=30)]: Done  23 out of  30 | elapsed:    3.2s remaining:    1.0s
[Parallel(n_jobs=30)]: Done  25 out of  30 | elapsed:    3.3s remaining:    0.7s
[Parallel(n_jobs=30)]: Done  27 out of  30 | elapsed:    3.3s remaining:    0.4s
[Parallel(n_jobs=30)]: Done  30 out of  30 | elapsed:    3.3s finished
[Parallel(n_jobs=30)]: Using backend LokyBackend with 30 concurrent workers.
[Parallel(n_jobs=30)]: Done   1 tasks      | elapsed:    4.5s
[Parallel(n_jobs=30)]: Done   3 out of  30 | elapsed:    4.6s remaining:   41.2s
[Parallel(n_jobs=30)]: Done   5 out of  30 | elapsed:    4.6s remaining:   23.1s
[Parallel(n_jobs=30)]: Done   7 out of  30 | elapsed:    4.6s remaining:   15.2s
[Parallel(n_jobs=30)]: Done   9 out of  30 | elapsed:    4.7s remaining:   10.9s
[Parallel(n_jobs=30)]: Done  11 out of  30 | elapsed:    4.7s remaining:    8.1s
[Parallel(n_jobs=30)]: Done  13 out of  30 | elapsed:    4.7s remaining:    6.1s
[Parallel(n_jobs=30)]: Done  15 out of  30 | elapsed:    4.7s remaining:    4.7s
[Parallel(n_jobs=30)]: Done  17 out of  30 | elapsed:    4.7s remaining:    3.6s
[Parallel(n_jobs=30)]: Done  19 out of  30 | elapsed:    4.8s remaining:    2.8s
[Parallel(n_jobs=30)]: Done  21 out of  30 | elapsed:    6.2s remaining:    2.6s
[Parallel(n_jobs=30)]: Done  23 out of  30 | elapsed:    6.3s remaining:    1.9s
[Parallel(n_jobs=30)]: Done  25 out of  30 | elapsed:    6.4s remaining:    1.3s
[Parallel(n_jobs=30)]: Done  27 out of  30 | elapsed:    6.4s remaining:    0.7s
[Parallel(n_jobs=30)]: Done  30 out of  30 | elapsed:    7.0s finished
[Parallel(n_jobs=30)]: Using backend LokyBackend with 30 concurrent workers.
[Parallel(n_jobs=30)]: Done   1 tasks      | elapsed:    4.9s
[Parallel(n_jobs=30)]: Done   3 out of  30 | elapsed:    4.9s remaining:   44.4s
[Parallel(n_jobs=30)]: Done   5 out of  30 | elapsed:    5.0s remaining:   24.9s
[Parallel(n_jobs=30)]: Done   7 out of  30 | elapsed:    5.0s remaining:   16.5s
[Parallel(n_jobs=30)]: Done   9 out of  30 | elapsed:    5.1s remaining:   11.8s
[Parallel(n_jobs=30)]: Done  11 out of  30 | elapsed:    5.1s remaining:    8.8s
[Parallel(n_jobs=30)]: Done  13 out of  30 | elapsed:    5.1s remaining:    6.7s
[Parallel(n_jobs=30)]: Done  15 out of  30 | elapsed:    5.1s remaining:    5.1s
[Parallel(n_jobs=30)]: Done  17 out of  30 | elapsed:    5.2s remaining:    4.0s
[Parallel(n_jobs=30)]: Done  19 out of  30 | elapsed:    5.2s remaining:    3.0s
[Parallel(n_jobs=30)]: Done  21 out of  30 | elapsed:    6.9s remaining:    2.9s
[Parallel(n_jobs=30)]: Done  23 out of  30 | elapsed:    6.9s remaining:    2.1s
[Parallel(n_jobs=30)]: Done  25 out of  30 | elapsed:    7.0s remaining:    1.4s
[Parallel(n_jobs=30)]: Done  27 out of  30 | elapsed:    7.1s remaining:    0.8s
[Parallel(n_jobs=30)]: Done  30 out of  30 | elapsed:    8.1s finished
[Parallel(n_jobs=30)]: Using backend LokyBackend with 30 concurrent workers.
[Parallel(n_jobs=30)]: Done   1 tasks      | elapsed:    9.4s
[Parallel(n_jobs=30)]: Done   3 out of  30 | elapsed:    9.6s remaining:  1.4min
[Parallel(n_jobs=30)]: Done   5 out of  30 | elapsed:    9.6s remaining:   48.1s
[Parallel(n_jobs=30)]: Done   7 out of  30 | elapsed:    9.7s remaining:   31.8s
[Parallel(n_jobs=30)]: Done   9 out of  30 | elapsed:    9.7s remaining:   22.6s
[Parallel(n_jobs=30)]: Done  11 out of  30 | elapsed:    9.7s remaining:   16.8s
[Parallel(n_jobs=30)]: Done  13 out of  30 | elapsed:    9.7s remaining:   12.7s
[Parallel(n_jobs=30)]: Done  15 out of  30 | elapsed:    9.8s remaining:    9.8s
[Parallel(n_jobs=30)]: Done  17 out of  30 | elapsed:    9.9s remaining:    7.5s
[Parallel(n_jobs=30)]: Done  19 out of  30 | elapsed:    9.9s remaining:    5.7s
[Parallel(n_jobs=30)]: Done  21 out of  30 | elapsed:   12.8s remaining:    5.5s
[Parallel(n_jobs=30)]: Done  23 out of  30 | elapsed:   13.0s remaining:    4.0s
[Parallel(n_jobs=30)]: Done  25 out of  30 | elapsed:   13.2s remaining:    2.6s
[Parallel(n_jobs=30)]: Done  27 out of  30 | elapsed:   13.3s remaining:    1.5s
[Parallel(n_jobs=30)]: Done  30 out of  30 | elapsed:   14.7s finished
[Parallel(n_jobs=30)]: Using backend LokyBackend with 30 concurrent workers.
[Parallel(n_jobs=30)]: Done   1 tasks      | elapsed:   12.2s
[Parallel(n_jobs=30)]: Done   3 out of  30 | elapsed:   12.5s remaining:  1.9min
[Parallel(n_jobs=30)]: Done   5 out of  30 | elapsed:   12.5s remaining:  1.0min
[Parallel(n_jobs=30)]: Done   7 out of  30 | elapsed:   12.6s remaining:   41.4s
[Parallel(n_jobs=30)]: Done   9 out of  30 | elapsed:   12.7s remaining:   29.6s
[Parallel(n_jobs=30)]: Done  11 out of  30 | elapsed:   12.7s remaining:   22.0s
[Parallel(n_jobs=30)]: Done  13 out of  30 | elapsed:   12.7s remaining:   16.7s
[Parallel(n_jobs=30)]: Done  15 out of  30 | elapsed:   12.8s remaining:   12.8s
[Parallel(n_jobs=30)]: Done  17 out of  30 | elapsed:   12.8s remaining:    9.8s
[Parallel(n_jobs=30)]: Done  19 out of  30 | elapsed:   12.9s remaining:    7.4s
[Parallel(n_jobs=30)]: Done  21 out of  30 | elapsed:   17.0s remaining:    7.3s
[Parallel(n_jobs=30)]: Done  23 out of  30 | elapsed:   17.2s remaining:    5.2s
[Parallel(n_jobs=30)]: Done  25 out of  30 | elapsed:   17.4s remaining:    3.5s
[Parallel(n_jobs=30)]: Done  27 out of  30 | elapsed:   17.5s remaining:    1.9s
[Parallel(n_jobs=30)]: Done  30 out of  30 | elapsed:   19.7s finished
[Parallel(n_jobs=30)]: Using backend LokyBackend with 30 concurrent workers.
[Parallel(n_jobs=30)]: Done   1 tasks      | elapsed:    1.5s
[Parallel(n_jobs=30)]: Done   3 out of  30 | elapsed:    1.6s remaining:   14.0s
[Parallel(n_jobs=30)]: Done   5 out of  30 | elapsed:    1.6s remaining:    7.9s
[Parallel(n_jobs=30)]: Done   7 out of  30 | elapsed:    1.6s remaining:    5.2s
[Parallel(n_jobs=30)]: Done   9 out of  30 | elapsed:    1.6s remaining:    3.7s
[Parallel(n_jobs=30)]: Done  11 out of  30 | elapsed:    1.6s remaining:    2.8s
[Parallel(n_jobs=30)]: Done  13 out of  30 | elapsed:    1.6s remaining:    2.1s
[Parallel(n_jobs=30)]: Done  15 out of  30 | elapsed:    1.6s remaining:    1.6s
[Parallel(n_jobs=30)]: Done  17 out of  30 | elapsed:    1.6s remaining:    1.2s
[Parallel(n_jobs=30)]: Done  19 out of  30 | elapsed:    1.8s remaining:    1.0s
[Parallel(n_jobs=30)]: Done  21 out of  30 | elapsed:    2.2s remaining:    0.9s
[Parallel(n_jobs=30)]: Done  23 out of  30 | elapsed:    2.2s remaining:    0.7s
[Parallel(n_jobs=30)]: Done  25 out of  30 | elapsed:    2.2s remaining:    0.4s
[Parallel(n_jobs=30)]: Done  27 out of  30 | elapsed:    2.2s remaining:    0.2s
[Parallel(n_jobs=30)]: Done  30 out of  30 | elapsed:    2.3s finished
[Parallel(n_jobs=30)]: Using backend LokyBackend with 30 concurrent workers.
[Parallel(n_jobs=30)]: Done   1 tasks      | elapsed:    1.6s
[Parallel(n_jobs=30)]: Done   3 out of  30 | elapsed:    1.6s remaining:   14.7s
[Parallel(n_jobs=30)]: Done   5 out of  30 | elapsed:    1.6s remaining:    8.2s
[Parallel(n_jobs=30)]: Done   7 out of  30 | elapsed:    1.6s remaining:    5.4s
[Parallel(n_jobs=30)]: Done   9 out of  30 | elapsed:    1.7s remaining:    3.9s
[Parallel(n_jobs=30)]: Done  11 out of  30 | elapsed:    1.7s remaining:    2.9s
[Parallel(n_jobs=30)]: Done  13 out of  30 | elapsed:    1.7s remaining:    2.2s
[Parallel(n_jobs=30)]: Done  15 out of  30 | elapsed:    1.7s remaining:    1.7s
[Parallel(n_jobs=30)]: Done  17 out of  30 | elapsed:    1.7s remaining:    1.3s
[Parallel(n_jobs=30)]: Done  19 out of  30 | elapsed:    2.0s remaining:    1.1s
[Parallel(n_jobs=30)]: Done  21 out of  30 | elapsed:    2.1s remaining:    0.9s
[Parallel(n_jobs=30)]: Done  23 out of  30 | elapsed:    2.3s remaining:    0.7s
[Parallel(n_jobs=30)]: Done  25 out of  30 | elapsed:    2.3s remaining:    0.5s
[Parallel(n_jobs=30)]: Done  27 out of  30 | elapsed:    2.3s remaining:    0.3s
[Parallel(n_jobs=30)]: Done  30 out of  30 | elapsed:    2.4s finished
[Parallel(n_jobs=30)]: Using backend LokyBackend with 30 concurrent workers.
[Parallel(n_jobs=30)]: Done   1 tasks      | elapsed:    2.2s
[Parallel(n_jobs=30)]: Done   3 out of  30 | elapsed:    2.3s remaining:   20.3s
[Parallel(n_jobs=30)]: Done   5 out of  30 | elapsed:    2.3s remaining:   11.4s
[Parallel(n_jobs=30)]: Done   7 out of  30 | elapsed:    2.3s remaining:    7.5s
[Parallel(n_jobs=30)]: Done   9 out of  30 | elapsed:    2.3s remaining:    5.4s
[Parallel(n_jobs=30)]: Done  11 out of  30 | elapsed:    2.3s remaining:    4.0s
[Parallel(n_jobs=30)]: Done  13 out of  30 | elapsed:    2.3s remaining:    3.0s
[Parallel(n_jobs=30)]: Done  15 out of  30 | elapsed:    2.3s remaining:    2.3s
[Parallel(n_jobs=30)]: Done  17 out of  30 | elapsed:    2.4s remaining:    1.8s
[Parallel(n_jobs=30)]: Done  19 out of  30 | elapsed:    2.4s remaining:    1.4s
[Parallel(n_jobs=30)]: Done  21 out of  30 | elapsed:    3.1s remaining:    1.3s
[Parallel(n_jobs=30)]: Done  23 out of  30 | elapsed:    3.1s remaining:    0.9s
[Parallel(n_jobs=30)]: Done  25 out of  30 | elapsed:    3.1s remaining:    0.6s
[Parallel(n_jobs=30)]: Done  27 out of  30 | elapsed:    3.2s remaining:    0.4s
[Parallel(n_jobs=30)]: Done  30 out of  30 | elapsed:    3.3s finished
[Parallel(n_jobs=30)]: Using backend LokyBackend with 30 concurrent workers.
[Parallel(n_jobs=30)]: Done   1 tasks      | elapsed:    2.3s
[Parallel(n_jobs=30)]: Done   3 out of  30 | elapsed:    2.3s remaining:   20.9s
[Parallel(n_jobs=30)]: Done   5 out of  30 | elapsed:    2.3s remaining:   11.6s
[Parallel(n_jobs=30)]: Done   7 out of  30 | elapsed:    2.4s remaining:    7.7s
[Parallel(n_jobs=30)]: Done   9 out of  30 | elapsed:    2.4s remaining:    5.5s
[Parallel(n_jobs=30)]: Done  11 out of  30 | elapsed:    2.4s remaining:    4.1s
[Parallel(n_jobs=30)]: Done  13 out of  30 | elapsed:    2.4s remaining:    3.1s
[Parallel(n_jobs=30)]: Done  15 out of  30 | elapsed:    2.4s remaining:    2.4s
[Parallel(n_jobs=30)]: Done  17 out of  30 | elapsed:    2.4s remaining:    1.8s
[Parallel(n_jobs=30)]: Done  19 out of  30 | elapsed:    2.5s remaining:    1.4s
[Parallel(n_jobs=30)]: Done  21 out of  30 | elapsed:    3.1s remaining:    1.3s
[Parallel(n_jobs=30)]: Done  23 out of  30 | elapsed:    3.2s remaining:    1.0s
[Parallel(n_jobs=30)]: Done  25 out of  30 | elapsed:    3.3s remaining:    0.7s
[Parallel(n_jobs=30)]: Done  27 out of  30 | elapsed:    3.3s remaining:    0.4s
[Parallel(n_jobs=30)]: Done  30 out of  30 | elapsed:    3.6s finished
[Parallel(n_jobs=30)]: Using backend LokyBackend with 30 concurrent workers.
[Parallel(n_jobs=30)]: Done   1 tasks      | elapsed:    4.5s
[Parallel(n_jobs=30)]: Done   3 out of  30 | elapsed:    4.5s remaining:   40.7s
[Parallel(n_jobs=30)]: Done   5 out of  30 | elapsed:    4.6s remaining:   22.9s
[Parallel(n_jobs=30)]: Done   7 out of  30 | elapsed:    4.6s remaining:   15.1s
[Parallel(n_jobs=30)]: Done   9 out of  30 | elapsed:    4.7s remaining:   10.9s
[Parallel(n_jobs=30)]: Done  11 out of  30 | elapsed:    4.7s remaining:    8.1s
[Parallel(n_jobs=30)]: Done  13 out of  30 | elapsed:    4.7s remaining:    6.1s
[Parallel(n_jobs=30)]: Done  15 out of  30 | elapsed:    4.7s remaining:    4.7s
[Parallel(n_jobs=30)]: Done  17 out of  30 | elapsed:    4.7s remaining:    3.6s
[Parallel(n_jobs=30)]: Done  19 out of  30 | elapsed:    4.8s remaining:    2.8s
[Parallel(n_jobs=30)]: Done  21 out of  30 | elapsed:    6.2s remaining:    2.6s
[Parallel(n_jobs=30)]: Done  23 out of  30 | elapsed:    6.3s remaining:    1.9s
[Parallel(n_jobs=30)]: Done  25 out of  30 | elapsed:    6.3s remaining:    1.3s
[Parallel(n_jobs=30)]: Done  27 out of  30 | elapsed:    6.5s remaining:    0.7s
[Parallel(n_jobs=30)]: Done  30 out of  30 | elapsed:    7.2s finished
[Parallel(n_jobs=30)]: Using backend LokyBackend with 30 concurrent workers.
[Parallel(n_jobs=30)]: Done   1 tasks      | elapsed:    4.9s
[Parallel(n_jobs=30)]: Done   3 out of  30 | elapsed:    5.1s remaining:   45.5s
[Parallel(n_jobs=30)]: Done   5 out of  30 | elapsed:    5.1s remaining:   25.4s
[Parallel(n_jobs=30)]: Done   7 out of  30 | elapsed:    5.1s remaining:   16.7s
[Parallel(n_jobs=30)]: Done   9 out of  30 | elapsed:    5.1s remaining:   11.9s
[Parallel(n_jobs=30)]: Done  11 out of  30 | elapsed:    5.1s remaining:    8.9s
[Parallel(n_jobs=30)]: Done  13 out of  30 | elapsed:    5.2s remaining:    6.8s
[Parallel(n_jobs=30)]: Done  15 out of  30 | elapsed:    5.2s remaining:    5.2s
[Parallel(n_jobs=30)]: Done  17 out of  30 | elapsed:    5.2s remaining:    4.0s
[Parallel(n_jobs=30)]: Done  19 out of  30 | elapsed:    5.3s remaining:    3.0s
[Parallel(n_jobs=30)]: Done  21 out of  30 | elapsed:    6.9s remaining:    2.9s
[Parallel(n_jobs=30)]: Done  23 out of  30 | elapsed:    6.9s remaining:    2.1s
[Parallel(n_jobs=30)]: Done  25 out of  30 | elapsed:    7.0s remaining:    1.4s
[Parallel(n_jobs=30)]: Done  27 out of  30 | elapsed:    7.1s remaining:    0.8s
[Parallel(n_jobs=30)]: Done  30 out of  30 | elapsed:    7.8s finished
[Parallel(n_jobs=30)]: Using backend LokyBackend with 30 concurrent workers.
[Parallel(n_jobs=30)]: Done   1 tasks      | elapsed:    9.4s
[Parallel(n_jobs=30)]: Done   3 out of  30 | elapsed:    9.4s remaining:  1.4min
[Parallel(n_jobs=30)]: Done   5 out of  30 | elapsed:    9.5s remaining:   47.5s
[Parallel(n_jobs=30)]: Done   7 out of  30 | elapsed:    9.6s remaining:   31.5s
[Parallel(n_jobs=30)]: Done   9 out of  30 | elapsed:    9.7s remaining:   22.5s
[Parallel(n_jobs=30)]: Done  11 out of  30 | elapsed:    9.7s remaining:   16.7s
[Parallel(n_jobs=30)]: Done  13 out of  30 | elapsed:    9.7s remaining:   12.7s
[Parallel(n_jobs=30)]: Done  15 out of  30 | elapsed:    9.7s remaining:    9.7s
[Parallel(n_jobs=30)]: Done  17 out of  30 | elapsed:    9.8s remaining:    7.5s
[Parallel(n_jobs=30)]: Done  19 out of  30 | elapsed:    9.9s remaining:    5.7s
[Parallel(n_jobs=30)]: Done  21 out of  30 | elapsed:   13.2s remaining:    5.7s
[Parallel(n_jobs=30)]: Done  23 out of  30 | elapsed:   13.3s remaining:    4.0s
[Parallel(n_jobs=30)]: Done  25 out of  30 | elapsed:   13.4s remaining:    2.7s
[Parallel(n_jobs=30)]: Done  27 out of  30 | elapsed:   13.4s remaining:    1.5s
[Parallel(n_jobs=30)]: Done  30 out of  30 | elapsed:   13.8s finished
[Parallel(n_jobs=30)]: Using backend LokyBackend with 30 concurrent workers.
[Parallel(n_jobs=30)]: Done   1 tasks      | elapsed:   12.3s
[Parallel(n_jobs=30)]: Done   3 out of  30 | elapsed:   12.4s remaining:  1.9min
[Parallel(n_jobs=30)]: Done   5 out of  30 | elapsed:   12.5s remaining:  1.0min
[Parallel(n_jobs=30)]: Done   7 out of  30 | elapsed:   12.7s remaining:   41.7s
[Parallel(n_jobs=30)]: Done   9 out of  30 | elapsed:   12.7s remaining:   29.6s
[Parallel(n_jobs=30)]: Done  11 out of  30 | elapsed:   12.7s remaining:   21.9s
[Parallel(n_jobs=30)]: Done  13 out of  30 | elapsed:   12.7s remaining:   16.6s
[Parallel(n_jobs=30)]: Done  15 out of  30 | elapsed:   12.8s remaining:   12.8s
[Parallel(n_jobs=30)]: Done  17 out of  30 | elapsed:   12.9s remaining:    9.8s
[Parallel(n_jobs=30)]: Done  19 out of  30 | elapsed:   12.9s remaining:    7.5s
[Parallel(n_jobs=30)]: Done  21 out of  30 | elapsed:   17.0s remaining:    7.3s
[Parallel(n_jobs=30)]: Done  23 out of  30 | elapsed:   17.3s remaining:    5.3s
[Parallel(n_jobs=30)]: Done  25 out of  30 | elapsed:   17.4s remaining:    3.5s
[Parallel(n_jobs=30)]: Done  27 out of  30 | elapsed:   17.6s remaining:    2.0s
[Parallel(n_jobs=30)]: Done  30 out of  30 | elapsed:   19.2s finished
[Parallel(n_jobs=30)]: Using backend LokyBackend with 30 concurrent workers.
[Parallel(n_jobs=30)]: Done   1 tasks      | elapsed:    1.6s
[Parallel(n_jobs=30)]: Done   3 out of  30 | elapsed:    1.6s remaining:   14.4s
[Parallel(n_jobs=30)]: Done   5 out of  30 | elapsed:    1.6s remaining:    8.0s
[Parallel(n_jobs=30)]: Done   7 out of  30 | elapsed:    1.6s remaining:    5.3s
[Parallel(n_jobs=30)]: Done   9 out of  30 | elapsed:    1.6s remaining:    3.8s
[Parallel(n_jobs=30)]: Done  11 out of  30 | elapsed:    1.6s remaining:    2.8s
[Parallel(n_jobs=30)]: Done  13 out of  30 | elapsed:    1.6s remaining:    2.1s
[Parallel(n_jobs=30)]: Done  15 out of  30 | elapsed:    1.6s remaining:    1.6s
[Parallel(n_jobs=30)]: Done  17 out of  30 | elapsed:    1.7s remaining:    1.3s
[Parallel(n_jobs=30)]: Done  19 out of  30 | elapsed:    1.8s remaining:    1.0s
[Parallel(n_jobs=30)]: Done  21 out of  30 | elapsed:    2.2s remaining:    0.9s
[Parallel(n_jobs=30)]: Done  23 out of  30 | elapsed:    2.3s remaining:    0.7s
[Parallel(n_jobs=30)]: Done  25 out of  30 | elapsed:    2.3s remaining:    0.5s
[Parallel(n_jobs=30)]: Done  27 out of  30 | elapsed:    2.3s remaining:    0.3s
[Parallel(n_jobs=30)]: Done  30 out of  30 | elapsed:    2.3s finished
[Parallel(n_jobs=30)]: Using backend LokyBackend with 30 concurrent workers.
[Parallel(n_jobs=30)]: Done   1 tasks      | elapsed:    1.6s
[Parallel(n_jobs=30)]: Done   3 out of  30 | elapsed:    1.7s remaining:   14.9s
[Parallel(n_jobs=30)]: Done   5 out of  30 | elapsed:    1.7s remaining:    8.4s
[Parallel(n_jobs=30)]: Done   7 out of  30 | elapsed:    1.7s remaining:    5.5s
[Parallel(n_jobs=30)]: Done   9 out of  30 | elapsed:    1.7s remaining:    4.0s
[Parallel(n_jobs=30)]: Done  11 out of  30 | elapsed:    1.7s remaining:    2.9s
[Parallel(n_jobs=30)]: Done  13 out of  30 | elapsed:    1.7s remaining:    2.2s
[Parallel(n_jobs=30)]: Done  15 out of  30 | elapsed:    1.7s remaining:    1.7s
[Parallel(n_jobs=30)]: Done  17 out of  30 | elapsed:    1.7s remaining:    1.3s
[Parallel(n_jobs=30)]: Done  19 out of  30 | elapsed:    1.8s remaining:    1.0s
[Parallel(n_jobs=30)]: Done  21 out of  30 | elapsed:    2.2s remaining:    0.9s
[Parallel(n_jobs=30)]: Done  23 out of  30 | elapsed:    2.3s remaining:    0.7s
[Parallel(n_jobs=30)]: Done  25 out of  30 | elapsed:    2.4s remaining:    0.5s
[Parallel(n_jobs=30)]: Done  27 out of  30 | elapsed:    2.4s remaining:    0.3s
[Parallel(n_jobs=30)]: Done  30 out of  30 | elapsed:    2.6s finished
[Parallel(n_jobs=30)]: Using backend LokyBackend with 30 concurrent workers.
[Parallel(n_jobs=30)]: Done   1 tasks      | elapsed:    2.2s
[Parallel(n_jobs=30)]: Done   3 out of  30 | elapsed:    2.2s remaining:   20.0s
[Parallel(n_jobs=30)]: Done   5 out of  30 | elapsed:    2.2s remaining:   11.2s
[Parallel(n_jobs=30)]: Done   7 out of  30 | elapsed:    2.3s remaining:    7.4s
[Parallel(n_jobs=30)]: Done   9 out of  30 | elapsed:    2.3s remaining:    5.4s
[Parallel(n_jobs=30)]: Done  11 out of  30 | elapsed:    2.3s remaining:    4.0s
[Parallel(n_jobs=30)]: Done  13 out of  30 | elapsed:    2.3s remaining:    3.0s
[Parallel(n_jobs=30)]: Done  15 out of  30 | elapsed:    2.3s remaining:    2.3s
[Parallel(n_jobs=30)]: Done  17 out of  30 | elapsed:    2.3s remaining:    1.8s
[Parallel(n_jobs=30)]: Done  19 out of  30 | elapsed:    2.5s remaining:    1.5s
[Parallel(n_jobs=30)]: Done  21 out of  30 | elapsed:    3.0s remaining:    1.3s
[Parallel(n_jobs=30)]: Done  23 out of  30 | elapsed:    3.1s remaining:    0.9s
[Parallel(n_jobs=30)]: Done  25 out of  30 | elapsed:    3.1s remaining:    0.6s
[Parallel(n_jobs=30)]: Done  27 out of  30 | elapsed:    3.2s remaining:    0.4s
[Parallel(n_jobs=30)]: Done  30 out of  30 | elapsed:    3.3s finished
[Parallel(n_jobs=30)]: Using backend LokyBackend with 30 concurrent workers.
[Parallel(n_jobs=30)]: Done   1 tasks      | elapsed:    2.3s
[Parallel(n_jobs=30)]: Done   3 out of  30 | elapsed:    2.4s remaining:   21.2s
[Parallel(n_jobs=30)]: Done   5 out of  30 | elapsed:    2.4s remaining:   11.9s
[Parallel(n_jobs=30)]: Done   7 out of  30 | elapsed:    2.4s remaining:    7.8s
[Parallel(n_jobs=30)]: Done   9 out of  30 | elapsed:    2.4s remaining:    5.6s
[Parallel(n_jobs=30)]: Done  11 out of  30 | elapsed:    2.4s remaining:    4.1s
[Parallel(n_jobs=30)]: Done  13 out of  30 | elapsed:    2.4s remaining:    3.2s
[Parallel(n_jobs=30)]: Done  15 out of  30 | elapsed:    2.4s remaining:    2.4s
[Parallel(n_jobs=30)]: Done  17 out of  30 | elapsed:    2.5s remaining:    1.9s
[Parallel(n_jobs=30)]: Done  19 out of  30 | elapsed:    2.7s remaining:    1.5s
[Parallel(n_jobs=30)]: Done  21 out of  30 | elapsed:    3.2s remaining:    1.4s
[Parallel(n_jobs=30)]: Done  23 out of  30 | elapsed:    3.3s remaining:    1.0s
[Parallel(n_jobs=30)]: Done  25 out of  30 | elapsed:    3.3s remaining:    0.7s
[Parallel(n_jobs=30)]: Done  27 out of  30 | elapsed:    3.3s remaining:    0.4s
[Parallel(n_jobs=30)]: Done  30 out of  30 | elapsed:    3.4s finished
[Parallel(n_jobs=30)]: Using backend LokyBackend with 30 concurrent workers.
[Parallel(n_jobs=30)]: Done   1 tasks      | elapsed:    4.5s
[Parallel(n_jobs=30)]: Done   3 out of  30 | elapsed:    4.6s remaining:   41.5s
[Parallel(n_jobs=30)]: Done   5 out of  30 | elapsed:    4.6s remaining:   23.1s
[Parallel(n_jobs=30)]: Done   7 out of  30 | elapsed:    4.6s remaining:   15.3s
[Parallel(n_jobs=30)]: Done   9 out of  30 | elapsed:    4.7s remaining:   10.9s
[Parallel(n_jobs=30)]: Done  11 out of  30 | elapsed:    4.7s remaining:    8.1s
[Parallel(n_jobs=30)]: Done  13 out of  30 | elapsed:    4.7s remaining:    6.2s
[Parallel(n_jobs=30)]: Done  15 out of  30 | elapsed:    4.7s remaining:    4.7s
[Parallel(n_jobs=30)]: Done  17 out of  30 | elapsed:    4.8s remaining:    3.7s
[Parallel(n_jobs=30)]: Done  19 out of  30 | elapsed:    5.0s remaining:    2.9s
[Parallel(n_jobs=30)]: Done  21 out of  30 | elapsed:    6.2s remaining:    2.6s
[Parallel(n_jobs=30)]: Done  23 out of  30 | elapsed:    6.3s remaining:    1.9s
[Parallel(n_jobs=30)]: Done  25 out of  30 | elapsed:    6.4s remaining:    1.3s
[Parallel(n_jobs=30)]: Done  27 out of  30 | elapsed:    6.5s remaining:    0.7s
[Parallel(n_jobs=30)]: Done  30 out of  30 | elapsed:    7.0s finished
[Parallel(n_jobs=30)]: Using backend LokyBackend with 30 concurrent workers.
[Parallel(n_jobs=30)]: Done   1 tasks      | elapsed:    4.9s
[Parallel(n_jobs=30)]: Done   3 out of  30 | elapsed:    5.1s remaining:   45.5s
[Parallel(n_jobs=30)]: Done   5 out of  30 | elapsed:    5.1s remaining:   25.4s
[Parallel(n_jobs=30)]: Done   7 out of  30 | elapsed:    5.1s remaining:   16.8s
[Parallel(n_jobs=30)]: Done   9 out of  30 | elapsed:    5.2s remaining:   12.0s
[Parallel(n_jobs=30)]: Done  11 out of  30 | elapsed:    5.2s remaining:    8.9s
[Parallel(n_jobs=30)]: Done  13 out of  30 | elapsed:    5.2s remaining:    6.8s
[Parallel(n_jobs=30)]: Done  15 out of  30 | elapsed:    5.2s remaining:    5.2s
[Parallel(n_jobs=30)]: Done  17 out of  30 | elapsed:    5.3s remaining:    4.0s
[Parallel(n_jobs=30)]: Done  19 out of  30 | elapsed:    5.4s remaining:    3.1s
[Parallel(n_jobs=30)]: Done  21 out of  30 | elapsed:    6.9s remaining:    2.9s
[Parallel(n_jobs=30)]: Done  23 out of  30 | elapsed:    7.0s remaining:    2.1s
[Parallel(n_jobs=30)]: Done  25 out of  30 | elapsed:    7.1s remaining:    1.4s
[Parallel(n_jobs=30)]: Done  27 out of  30 | elapsed:    7.1s remaining:    0.8s
[Parallel(n_jobs=30)]: Done  30 out of  30 | elapsed:    7.7s finished
[Parallel(n_jobs=30)]: Using backend LokyBackend with 30 concurrent workers.
[Parallel(n_jobs=30)]: Done   1 tasks      | elapsed:    9.3s
[Parallel(n_jobs=30)]: Done   3 out of  30 | elapsed:    9.4s remaining:  1.4min
[Parallel(n_jobs=30)]: Done   5 out of  30 | elapsed:    9.5s remaining:   47.5s
[Parallel(n_jobs=30)]: Done   7 out of  30 | elapsed:    9.5s remaining:   31.3s
[Parallel(n_jobs=30)]: Done   9 out of  30 | elapsed:    9.7s remaining:   22.5s
[Parallel(n_jobs=30)]: Done  11 out of  30 | elapsed:    9.7s remaining:   16.8s
[Parallel(n_jobs=30)]: Done  13 out of  30 | elapsed:    9.7s remaining:   12.7s
[Parallel(n_jobs=30)]: Done  15 out of  30 | elapsed:    9.8s remaining:    9.8s
[Parallel(n_jobs=30)]: Done  17 out of  30 | elapsed:    9.9s remaining:    7.6s
[Parallel(n_jobs=30)]: Done  19 out of  30 | elapsed:    9.9s remaining:    5.7s
[Parallel(n_jobs=30)]: Done  21 out of  30 | elapsed:   12.9s remaining:    5.5s
[Parallel(n_jobs=30)]: Done  23 out of  30 | elapsed:   13.0s remaining:    4.0s
[Parallel(n_jobs=30)]: Done  25 out of  30 | elapsed:   13.2s remaining:    2.6s
[Parallel(n_jobs=30)]: Done  27 out of  30 | elapsed:   13.4s remaining:    1.5s
[Parallel(n_jobs=30)]: Done  30 out of  30 | elapsed:   14.5s finished
[Parallel(n_jobs=30)]: Using backend LokyBackend with 30 concurrent workers.
[Parallel(n_jobs=30)]: Done   1 tasks      | elapsed:   12.3s
[Parallel(n_jobs=30)]: Done   3 out of  30 | elapsed:   12.5s remaining:  1.9min
[Parallel(n_jobs=30)]: Done   5 out of  30 | elapsed:   12.6s remaining:  1.0min
[Parallel(n_jobs=30)]: Done   7 out of  30 | elapsed:   12.6s remaining:   41.5s
[Parallel(n_jobs=30)]: Done   9 out of  30 | elapsed:   12.7s remaining:   29.6s
[Parallel(n_jobs=30)]: Done  11 out of  30 | elapsed:   12.7s remaining:   22.0s
[Parallel(n_jobs=30)]: Done  13 out of  30 | elapsed:   12.8s remaining:   16.7s
[Parallel(n_jobs=30)]: Done  15 out of  30 | elapsed:   12.8s remaining:   12.8s
[Parallel(n_jobs=30)]: Done  17 out of  30 | elapsed:   12.8s remaining:    9.8s
[Parallel(n_jobs=30)]: Done  19 out of  30 | elapsed:   12.9s remaining:    7.5s
[Parallel(n_jobs=30)]: Done  21 out of  30 | elapsed:   16.7s remaining:    7.2s
[Parallel(n_jobs=30)]: Done  23 out of  30 | elapsed:   17.1s remaining:    5.2s
[Parallel(n_jobs=30)]: Done  25 out of  30 | elapsed:   17.4s remaining:    3.5s
[Parallel(n_jobs=30)]: Done  27 out of  30 | elapsed:   17.5s remaining:    1.9s
[Parallel(n_jobs=30)]: Done  30 out of  30 | elapsed:   19.4s finished
epsilon: 1, epsilon_m: [2, 8], gamma: 0, n: 10000, n_m: 20000, d: 2, M: 2, K: 3, if_weighted: True
epsilon: 1, epsilon_m: [2, 8], gamma: 0, n: 10000, n_m: 50000, d: 2, M: 2, K: 3, if_weighted: True
epsilon: 1, epsilon_m: [2, 8], gamma: 0, n: 10000, n_m: 100000, d: 2, M: 2, K: 3, if_weighted: True
epsilon: 2, epsilon_m: [2, 8], gamma: 0, n: 10000, n_m: 10000, d: 2, M: 2, K: 3, if_weighted: True
epsilon: 2, epsilon_m: [2, 8], gamma: 0, n: 10000, n_m: 20000, d: 2, M: 2, K: 3, if_weighted: True
epsilon: 2, epsilon_m: [2, 8], gamma: 0, n: 10000, n_m: 50000, d: 2, M: 2, K: 3, if_weighted: True
epsilon: 2, epsilon_m: [2, 8], gamma: 0, n: 10000, n_m: 100000, d: 2, M: 2, K: 3, if_weighted: True
epsilon: 4, epsilon_m: [2, 8], gamma: 0, n: 10000, n_m: 10000, d: 2, M: 2, K: 3, if_weighted: True
epsilon: 4, epsilon_m: [2, 8], gamma: 0, n: 10000, n_m: 20000, d: 2, M: 2, K: 3, if_weighted: True
epsilon: 4, epsilon_m: [2, 8], gamma: 0, n: 10000, n_m: 50000, d: 2, M: 2, K: 3, if_weighted: True
epsilon: 4, epsilon_m: [2, 8], gamma: 0, n: 10000, n_m: 100000, d: 2, M: 2, K: 3, if_weighted: True
epsilon: 8, epsilon_m: [2, 8], gamma: 0, n: 10000, n_m: 10000, d: 2, M: 2, K: 3, if_weighted: True
epsilon: 8, epsilon_m: [2, 8], gamma: 0, n: 10000, n_m: 20000, d: 2, M: 2, K: 3, if_weighted: True
epsilon: 8, epsilon_m: [2, 8], gamma: 0, n: 10000, n_m: 50000, d: 2, M: 2, K: 3, if_weighted: True
epsilon: 8, epsilon_m: [2, 8], gamma: 0, n: 10000, n_m: 100000, d: 2, M: 2, K: 3, if_weighted: True
