[Parallel(n_jobs=30)]: Using backend LokyBackend with 30 concurrent workers.
epsilon: 1, epsilon_m: [2, 8], gamma: 0, n: 10000, n_m: 10000, d: 2, M: 2, K: 2, if_weighted: True
/home/yuheng.ma/LDP-MAB/LDPMAB/_estimator.py:77: RuntimeWarning: divide by zero encountered in divide
  self.r = np.sqrt(self.sum_V_bound.sum(axis = 0) + 1e-4) / np.abs(self.sum_U_bound.sum(axis = 0))
/home/yuheng.ma/LDP-MAB/LDPMAB/_estimator.py:77: RuntimeWarning: divide by zero encountered in divide
  self.r = np.sqrt(self.sum_V_bound.sum(axis = 0) + 1e-4) / np.abs(self.sum_U_bound.sum(axis = 0))
/home/yuheng.ma/LDP-MAB/LDPMAB/_estimator.py:77: RuntimeWarning: divide by zero encountered in divide
  self.r = np.sqrt(self.sum_V_bound.sum(axis = 0) + 1e-4) / np.abs(self.sum_U_bound.sum(axis = 0))
/home/yuheng.ma/LDP-MAB/LDPMAB/_estimator.py:77: RuntimeWarning: divide by zero encountered in divide
  self.r = np.sqrt(self.sum_V_bound.sum(axis = 0) + 1e-4) / np.abs(self.sum_U_bound.sum(axis = 0))
/home/yuheng.ma/LDP-MAB/LDPMAB/_estimator.py:77: RuntimeWarning: divide by zero encountered in divide
  self.r = np.sqrt(self.sum_V_bound.sum(axis = 0) + 1e-4) / np.abs(self.sum_U_bound.sum(axis = 0))
/home/yuheng.ma/LDP-MAB/LDPMAB/_estimator.py:77: RuntimeWarning: divide by zero encountered in divide
  self.r = np.sqrt(self.sum_V_bound.sum(axis = 0) + 1e-4) / np.abs(self.sum_U_bound.sum(axis = 0))
/home/yuheng.ma/LDP-MAB/LDPMAB/_estimator.py:77: RuntimeWarning: divide by zero encountered in divide
  self.r = np.sqrt(self.sum_V_bound.sum(axis = 0) + 1e-4) / np.abs(self.sum_U_bound.sum(axis = 0))
/home/yuheng.ma/LDP-MAB/LDPMAB/_estimator.py:77: RuntimeWarning: divide by zero encountered in divide
  self.r = np.sqrt(self.sum_V_bound.sum(axis = 0) + 1e-4) / np.abs(self.sum_U_bound.sum(axis = 0))
/home/yuheng.ma/LDP-MAB/LDPMAB/_estimator.py:77: RuntimeWarning: divide by zero encountered in divide
  self.r = np.sqrt(self.sum_V_bound.sum(axis = 0) + 1e-4) / np.abs(self.sum_U_bound.sum(axis = 0))
/home/yuheng.ma/LDP-MAB/LDPMAB/_estimator.py:77: RuntimeWarning: divide by zero encountered in divide
  self.r = np.sqrt(self.sum_V_bound.sum(axis = 0) + 1e-4) / np.abs(self.sum_U_bound.sum(axis = 0))
/home/yuheng.ma/LDP-MAB/LDPMAB/_estimator.py:77: RuntimeWarning: divide by zero encountered in divide
  self.r = np.sqrt(self.sum_V_bound.sum(axis = 0) + 1e-4) / np.abs(self.sum_U_bound.sum(axis = 0))
/home/yuheng.ma/LDP-MAB/LDPMAB/_estimator.py:77: RuntimeWarning: divide by zero encountered in divide
  self.r = np.sqrt(self.sum_V_bound.sum(axis = 0) + 1e-4) / np.abs(self.sum_U_bound.sum(axis = 0))
/home/yuheng.ma/LDP-MAB/LDPMAB/_estimator.py:77: RuntimeWarning: divide by zero encountered in divide
  self.r = np.sqrt(self.sum_V_bound.sum(axis = 0) + 1e-4) / np.abs(self.sum_U_bound.sum(axis = 0))
/home/yuheng.ma/LDP-MAB/LDPMAB/_estimator.py:77: RuntimeWarning: divide by zero encountered in divide
  self.r = np.sqrt(self.sum_V_bound.sum(axis = 0) + 1e-4) / np.abs(self.sum_U_bound.sum(axis = 0))
/home/yuheng.ma/LDP-MAB/LDPMAB/_estimator.py:77: RuntimeWarning: divide by zero encountered in divide
  self.r = np.sqrt(self.sum_V_bound.sum(axis = 0) + 1e-4) / np.abs(self.sum_U_bound.sum(axis = 0))
/home/yuheng.ma/LDP-MAB/LDPMAB/_estimator.py:77: RuntimeWarning: divide by zero encountered in divide
  self.r = np.sqrt(self.sum_V_bound.sum(axis = 0) + 1e-4) / np.abs(self.sum_U_bound.sum(axis = 0))
/home/yuheng.ma/LDP-MAB/LDPMAB/_estimator.py:77: RuntimeWarning: divide by zero encountered in divide
  self.r = np.sqrt(self.sum_V_bound.sum(axis = 0) + 1e-4) / np.abs(self.sum_U_bound.sum(axis = 0))
/home/yuheng.ma/LDP-MAB/LDPMAB/_estimator.py:77: RuntimeWarning: divide by zero encountered in divide
  self.r = np.sqrt(self.sum_V_bound.sum(axis = 0) + 1e-4) / np.abs(self.sum_U_bound.sum(axis = 0))
/home/yuheng.ma/LDP-MAB/LDPMAB/_estimator.py:77: RuntimeWarning: divide by zero encountered in divide
  self.r = np.sqrt(self.sum_V_bound.sum(axis = 0) + 1e-4) / np.abs(self.sum_U_bound.sum(axis = 0))
/home/yuheng.ma/LDP-MAB/LDPMAB/_estimator.py:77: RuntimeWarning: divide by zero encountered in divide
  self.r = np.sqrt(self.sum_V_bound.sum(axis = 0) + 1e-4) / np.abs(self.sum_U_bound.sum(axis = 0))
/home/yuheng.ma/LDP-MAB/LDPMAB/_estimator.py:77: RuntimeWarning: divide by zero encountered in divide
  self.r = np.sqrt(self.sum_V_bound.sum(axis = 0) + 1e-4) / np.abs(self.sum_U_bound.sum(axis = 0))
/home/yuheng.ma/LDP-MAB/LDPMAB/_estimator.py:77: RuntimeWarning: divide by zero encountered in divide
  self.r = np.sqrt(self.sum_V_bound.sum(axis = 0) + 1e-4) / np.abs(self.sum_U_bound.sum(axis = 0))
/home/yuheng.ma/LDP-MAB/LDPMAB/_estimator.py:77: RuntimeWarning: divide by zero encountered in divide
  self.r = np.sqrt(self.sum_V_bound.sum(axis = 0) + 1e-4) / np.abs(self.sum_U_bound.sum(axis = 0))
/home/yuheng.ma/LDP-MAB/LDPMAB/_estimator.py:77: RuntimeWarning: divide by zero encountered in divide
  self.r = np.sqrt(self.sum_V_bound.sum(axis = 0) + 1e-4) / np.abs(self.sum_U_bound.sum(axis = 0))
/home/yuheng.ma/LDP-MAB/LDPMAB/_estimator.py:77: RuntimeWarning: divide by zero encountered in divide
  self.r = np.sqrt(self.sum_V_bound.sum(axis = 0) + 1e-4) / np.abs(self.sum_U_bound.sum(axis = 0))
/home/yuheng.ma/LDP-MAB/LDPMAB/_estimator.py:77: RuntimeWarning: divide by zero encountered in divide
  self.r = np.sqrt(self.sum_V_bound.sum(axis = 0) + 1e-4) / np.abs(self.sum_U_bound.sum(axis = 0))
/home/yuheng.ma/LDP-MAB/LDPMAB/_estimator.py:77: RuntimeWarning: divide by zero encountered in divide
  self.r = np.sqrt(self.sum_V_bound.sum(axis = 0) + 1e-4) / np.abs(self.sum_U_bound.sum(axis = 0))
/home/yuheng.ma/LDP-MAB/LDPMAB/_estimator.py:77: RuntimeWarning: divide by zero encountered in divide
  self.r = np.sqrt(self.sum_V_bound.sum(axis = 0) + 1e-4) / np.abs(self.sum_U_bound.sum(axis = 0))
/home/yuheng.ma/LDP-MAB/LDPMAB/_estimator.py:77: RuntimeWarning: divide by zero encountered in divide
  self.r = np.sqrt(self.sum_V_bound.sum(axis = 0) + 1e-4) / np.abs(self.sum_U_bound.sum(axis = 0))
/home/yuheng.ma/LDP-MAB/LDPMAB/_estimator.py:77: RuntimeWarning: divide by zero encountered in divide
  self.r = np.sqrt(self.sum_V_bound.sum(axis = 0) + 1e-4) / np.abs(self.sum_U_bound.sum(axis = 0))
[Parallel(n_jobs=30)]: Done   1 tasks      | elapsed:    2.6s
[Parallel(n_jobs=30)]: Done   3 out of  30 | elapsed:    2.7s remaining:   24.1s
[Parallel(n_jobs=30)]: Done   5 out of  30 | elapsed:    2.7s remaining:   13.6s
[Parallel(n_jobs=30)]: Done   7 out of  30 | elapsed:    2.7s remaining:    9.0s
[Parallel(n_jobs=30)]: Done   9 out of  30 | elapsed:    2.8s remaining:    6.5s
[Parallel(n_jobs=30)]: Done  11 out of  30 | elapsed:    2.8s remaining:    4.8s
[Parallel(n_jobs=30)]: Done  13 out of  30 | elapsed:    2.8s remaining:    3.7s
[Parallel(n_jobs=30)]: Done  15 out of  30 | elapsed:    2.8s remaining:    2.8s
[Parallel(n_jobs=30)]: Done  17 out of  30 | elapsed:    2.9s remaining:    2.2s
[Parallel(n_jobs=30)]: Done  19 out of  30 | elapsed:    3.0s remaining:    1.7s
[Parallel(n_jobs=30)]: Done  21 out of  30 | elapsed:    3.2s remaining:    1.4s
[Parallel(n_jobs=30)]: Done  23 out of  30 | elapsed:    3.5s remaining:    1.1s
[Parallel(n_jobs=30)]: Done  25 out of  30 | elapsed:    3.6s remaining:    0.7s
[Parallel(n_jobs=30)]: Done  27 out of  30 | elapsed:    3.6s remaining:    0.4s
[Parallel(n_jobs=30)]: Done  30 out of  30 | elapsed:    3.9s finished
[Parallel(n_jobs=30)]: Using backend LokyBackend with 30 concurrent workers.
[Parallel(n_jobs=30)]: Done   1 tasks      | elapsed:    1.9s
[Parallel(n_jobs=30)]: Done   3 out of  30 | elapsed:    2.0s remaining:   18.1s
[Parallel(n_jobs=30)]: Done   5 out of  30 | elapsed:    2.0s remaining:   10.0s
[Parallel(n_jobs=30)]: Done   7 out of  30 | elapsed:    2.0s remaining:    6.7s
[Parallel(n_jobs=30)]: Done   9 out of  30 | elapsed:    2.0s remaining:    4.8s
[Parallel(n_jobs=30)]: Done  11 out of  30 | elapsed:    2.1s remaining:    3.6s
[Parallel(n_jobs=30)]: Done  13 out of  30 | elapsed:    2.1s remaining:    2.7s
[Parallel(n_jobs=30)]: Done  15 out of  30 | elapsed:    2.1s remaining:    2.1s
[Parallel(n_jobs=30)]: Done  17 out of  30 | elapsed:    2.1s remaining:    1.6s
[Parallel(n_jobs=30)]: Done  19 out of  30 | elapsed:    2.3s remaining:    1.3s
[Parallel(n_jobs=30)]: Done  21 out of  30 | elapsed:    2.6s remaining:    1.1s
[Parallel(n_jobs=30)]: Done  23 out of  30 | elapsed:    2.8s remaining:    0.9s
[Parallel(n_jobs=30)]: Done  25 out of  30 | elapsed:    2.9s remaining:    0.6s
[Parallel(n_jobs=30)]: Done  27 out of  30 | elapsed:    2.9s remaining:    0.3s
[Parallel(n_jobs=30)]: Done  30 out of  30 | elapsed:    3.1s finished
[Parallel(n_jobs=30)]: Using backend LokyBackend with 30 concurrent workers.
[Parallel(n_jobs=30)]: Done   1 tasks      | elapsed:    2.9s
[Parallel(n_jobs=30)]: Done   3 out of  30 | elapsed:    2.9s remaining:   26.2s
[Parallel(n_jobs=30)]: Done   5 out of  30 | elapsed:    2.9s remaining:   14.7s
[Parallel(n_jobs=30)]: Done   7 out of  30 | elapsed:    3.0s remaining:    9.7s
[Parallel(n_jobs=30)]: Done   9 out of  30 | elapsed:    3.0s remaining:    6.9s
[Parallel(n_jobs=30)]: Done  11 out of  30 | elapsed:    3.0s remaining:    5.2s
[Parallel(n_jobs=30)]: Done  13 out of  30 | elapsed:    3.0s remaining:    3.9s
[Parallel(n_jobs=30)]: Done  15 out of  30 | elapsed:    3.0s remaining:    3.0s
[Parallel(n_jobs=30)]: Done  17 out of  30 | elapsed:    3.0s remaining:    2.3s
[Parallel(n_jobs=30)]: Done  19 out of  30 | elapsed:    3.1s remaining:    1.8s
[Parallel(n_jobs=30)]: Done  21 out of  30 | elapsed:    4.0s remaining:    1.7s
[Parallel(n_jobs=30)]: Done  23 out of  30 | elapsed:    4.2s remaining:    1.3s
[Parallel(n_jobs=30)]: Done  25 out of  30 | elapsed:    4.2s remaining:    0.8s
[Parallel(n_jobs=30)]: Done  27 out of  30 | elapsed:    4.3s remaining:    0.5s
[Parallel(n_jobs=30)]: Done  30 out of  30 | elapsed:    4.3s finished
[Parallel(n_jobs=30)]: Using backend LokyBackend with 30 concurrent workers.
[Parallel(n_jobs=30)]: Done   1 tasks      | elapsed:    3.2s
[Parallel(n_jobs=30)]: Done   3 out of  30 | elapsed:    3.2s remaining:   29.1s
[Parallel(n_jobs=30)]: Done   5 out of  30 | elapsed:    3.2s remaining:   16.2s
[Parallel(n_jobs=30)]: Done   7 out of  30 | elapsed:    3.3s remaining:   10.8s
[Parallel(n_jobs=30)]: Done   9 out of  30 | elapsed:    3.3s remaining:    7.7s
[Parallel(n_jobs=30)]: Done  11 out of  30 | elapsed:    3.3s remaining:    5.7s
[Parallel(n_jobs=30)]: Done  13 out of  30 | elapsed:    3.3s remaining:    4.4s
[Parallel(n_jobs=30)]: Done  15 out of  30 | elapsed:    3.3s remaining:    3.3s
[Parallel(n_jobs=30)]: Done  17 out of  30 | elapsed:    3.4s remaining:    2.6s
[Parallel(n_jobs=30)]: Done  19 out of  30 | elapsed:    3.5s remaining:    2.0s
[Parallel(n_jobs=30)]: Done  21 out of  30 | elapsed:    4.5s remaining:    1.9s
[Parallel(n_jobs=30)]: Done  23 out of  30 | elapsed:    4.5s remaining:    1.4s
[Parallel(n_jobs=30)]: Done  25 out of  30 | elapsed:    4.6s remaining:    0.9s
[Parallel(n_jobs=30)]: Done  27 out of  30 | elapsed:    4.6s remaining:    0.5s
[Parallel(n_jobs=30)]: Done  30 out of  30 | elapsed:    5.3s finished
[Parallel(n_jobs=30)]: Using backend LokyBackend with 30 concurrent workers.
[Parallel(n_jobs=30)]: Done   1 tasks      | elapsed:    6.4s
[Parallel(n_jobs=30)]: Done   3 out of  30 | elapsed:    6.4s remaining:   57.8s
[Parallel(n_jobs=30)]: Done   5 out of  30 | elapsed:    6.5s remaining:   32.4s
[Parallel(n_jobs=30)]: Done   7 out of  30 | elapsed:    6.6s remaining:   21.5s
[Parallel(n_jobs=30)]: Done   9 out of  30 | elapsed:    6.6s remaining:   15.4s
[Parallel(n_jobs=30)]: Done  11 out of  30 | elapsed:    6.6s remaining:   11.4s
[Parallel(n_jobs=30)]: Done  13 out of  30 | elapsed:    6.7s remaining:    8.7s
[Parallel(n_jobs=30)]: Done  15 out of  30 | elapsed:    6.7s remaining:    6.7s
[Parallel(n_jobs=30)]: Done  17 out of  30 | elapsed:    6.7s remaining:    5.2s
[Parallel(n_jobs=30)]: Done  19 out of  30 | elapsed:    7.3s remaining:    4.2s
[Parallel(n_jobs=30)]: Done  21 out of  30 | elapsed:    8.5s remaining:    3.6s
[Parallel(n_jobs=30)]: Done  23 out of  30 | elapsed:    9.1s remaining:    2.8s
[Parallel(n_jobs=30)]: Done  25 out of  30 | elapsed:    9.2s remaining:    1.8s
[Parallel(n_jobs=30)]: Done  27 out of  30 | elapsed:    9.3s remaining:    1.0s
[Parallel(n_jobs=30)]: Done  30 out of  30 | elapsed:    9.7s finished
[Parallel(n_jobs=30)]: Using backend LokyBackend with 30 concurrent workers.
[Parallel(n_jobs=30)]: Done   1 tasks      | elapsed:    7.9s
[Parallel(n_jobs=30)]: Done   3 out of  30 | elapsed:    8.1s remaining:  1.2min
[Parallel(n_jobs=30)]: Done   5 out of  30 | elapsed:    8.1s remaining:   40.5s
[Parallel(n_jobs=30)]: Done   7 out of  30 | elapsed:    8.2s remaining:   26.8s
[Parallel(n_jobs=30)]: Done   9 out of  30 | elapsed:    8.2s remaining:   19.1s
[Parallel(n_jobs=30)]: Done  11 out of  30 | elapsed:    8.2s remaining:   14.2s
[Parallel(n_jobs=30)]: Done  13 out of  30 | elapsed:    8.3s remaining:   10.8s
[Parallel(n_jobs=30)]: Done  15 out of  30 | elapsed:    8.4s remaining:    8.4s
[Parallel(n_jobs=30)]: Done  17 out of  30 | elapsed:    8.4s remaining:    6.4s
[Parallel(n_jobs=30)]: Done  19 out of  30 | elapsed:    8.4s remaining:    4.9s
[Parallel(n_jobs=30)]: Done  21 out of  30 | elapsed:   11.1s remaining:    4.8s
[Parallel(n_jobs=30)]: Done  23 out of  30 | elapsed:   11.4s remaining:    3.5s
[Parallel(n_jobs=30)]: Done  25 out of  30 | elapsed:   11.6s remaining:    2.3s
[Parallel(n_jobs=30)]: Done  27 out of  30 | elapsed:   11.6s remaining:    1.3s
[Parallel(n_jobs=30)]: Done  30 out of  30 | elapsed:   13.0s finished
[Parallel(n_jobs=30)]: Using backend LokyBackend with 30 concurrent workers.
[Parallel(n_jobs=30)]: Done   1 tasks      | elapsed:   13.6s
[Parallel(n_jobs=30)]: Done   3 out of  30 | elapsed:   13.7s remaining:  2.1min
[Parallel(n_jobs=30)]: Done   5 out of  30 | elapsed:   13.8s remaining:  1.2min
[Parallel(n_jobs=30)]: Done   7 out of  30 | elapsed:   13.9s remaining:   45.6s
[Parallel(n_jobs=30)]: Done   9 out of  30 | elapsed:   14.0s remaining:   32.6s
[Parallel(n_jobs=30)]: Done  11 out of  30 | elapsed:   14.0s remaining:   24.3s
[Parallel(n_jobs=30)]: Done  13 out of  30 | elapsed:   14.2s remaining:   18.5s
[Parallel(n_jobs=30)]: Done  15 out of  30 | elapsed:   14.2s remaining:   14.2s
[Parallel(n_jobs=30)]: Done  17 out of  30 | elapsed:   14.3s remaining:   10.9s
[Parallel(n_jobs=30)]: Done  19 out of  30 | elapsed:   14.4s remaining:    8.3s
[Parallel(n_jobs=30)]: Done  21 out of  30 | elapsed:   18.9s remaining:    8.1s
[Parallel(n_jobs=30)]: Done  23 out of  30 | elapsed:   19.4s remaining:    5.9s
[Parallel(n_jobs=30)]: Done  25 out of  30 | elapsed:   19.7s remaining:    3.9s
[Parallel(n_jobs=30)]: Done  27 out of  30 | elapsed:   19.8s remaining:    2.2s
[Parallel(n_jobs=30)]: Done  30 out of  30 | elapsed:   21.8s finished
[Parallel(n_jobs=30)]: Using backend LokyBackend with 30 concurrent workers.
[Parallel(n_jobs=30)]: Done   1 tasks      | elapsed:   16.3s
[Parallel(n_jobs=30)]: Done   3 out of  30 | elapsed:   16.6s remaining:  2.5min
[Parallel(n_jobs=30)]: Done   5 out of  30 | elapsed:   16.6s remaining:  1.4min
[Parallel(n_jobs=30)]: Done   7 out of  30 | elapsed:   16.7s remaining:   54.8s
[Parallel(n_jobs=30)]: Done   9 out of  30 | elapsed:   16.8s remaining:   39.1s
[Parallel(n_jobs=30)]: Done  11 out of  30 | elapsed:   16.9s remaining:   29.2s
[Parallel(n_jobs=30)]: Done  13 out of  30 | elapsed:   17.0s remaining:   22.2s
[Parallel(n_jobs=30)]: Done  15 out of  30 | elapsed:   17.2s remaining:   17.2s
[Parallel(n_jobs=30)]: Done  17 out of  30 | elapsed:   17.3s remaining:   13.2s
[Parallel(n_jobs=30)]: Done  19 out of  30 | elapsed:   17.7s remaining:   10.2s
[Parallel(n_jobs=30)]: Done  21 out of  30 | elapsed:   23.0s remaining:    9.8s
[Parallel(n_jobs=30)]: Done  23 out of  30 | elapsed:   23.2s remaining:    7.1s
[Parallel(n_jobs=30)]: Done  25 out of  30 | elapsed:   23.6s remaining:    4.7s
[Parallel(n_jobs=30)]: Done  27 out of  30 | elapsed:   23.8s remaining:    2.6s
[Parallel(n_jobs=30)]: Done  30 out of  30 | elapsed:   26.3s finished
[Parallel(n_jobs=30)]: Using backend LokyBackend with 30 concurrent workers.
[Parallel(n_jobs=30)]: Done   1 tasks      | elapsed:    1.9s
[Parallel(n_jobs=30)]: Done   3 out of  30 | elapsed:    1.9s remaining:   17.2s
[Parallel(n_jobs=30)]: Done   5 out of  30 | elapsed:    1.9s remaining:    9.7s
[Parallel(n_jobs=30)]: Done   7 out of  30 | elapsed:    2.0s remaining:    6.4s
[Parallel(n_jobs=30)]: Done   9 out of  30 | elapsed:    2.0s remaining:    4.6s
[Parallel(n_jobs=30)]: Done  11 out of  30 | elapsed:    2.0s remaining:    3.4s
[Parallel(n_jobs=30)]: Done  13 out of  30 | elapsed:    2.0s remaining:    2.6s
[Parallel(n_jobs=30)]: Done  15 out of  30 | elapsed:    2.0s remaining:    2.0s
[Parallel(n_jobs=30)]: Done  17 out of  30 | elapsed:    2.0s remaining:    1.5s
[Parallel(n_jobs=30)]: Done  19 out of  30 | elapsed:    2.2s remaining:    1.3s
[Parallel(n_jobs=30)]: Done  21 out of  30 | elapsed:    2.5s remaining:    1.1s
[Parallel(n_jobs=30)]: Done  23 out of  30 | elapsed:    2.6s remaining:    0.8s
[Parallel(n_jobs=30)]: Done  25 out of  30 | elapsed:    2.8s remaining:    0.6s
[Parallel(n_jobs=30)]: Done  27 out of  30 | elapsed:    2.8s remaining:    0.3s
[Parallel(n_jobs=30)]: Done  30 out of  30 | elapsed:    2.9s finished
[Parallel(n_jobs=30)]: Using backend LokyBackend with 30 concurrent workers.
[Parallel(n_jobs=30)]: Done   1 tasks      | elapsed:    2.0s
[Parallel(n_jobs=30)]: Done   3 out of  30 | elapsed:    2.0s remaining:   17.8s
[Parallel(n_jobs=30)]: Done   5 out of  30 | elapsed:    2.0s remaining:    9.9s
[Parallel(n_jobs=30)]: Done   7 out of  30 | elapsed:    2.0s remaining:    6.5s
[Parallel(n_jobs=30)]: Done   9 out of  30 | elapsed:    2.0s remaining:    4.7s
[Parallel(n_jobs=30)]: Done  11 out of  30 | elapsed:    2.0s remaining:    3.5s
[Parallel(n_jobs=30)]: Done  13 out of  30 | elapsed:    2.0s remaining:    2.7s
[Parallel(n_jobs=30)]: Done  15 out of  30 | elapsed:    2.0s remaining:    2.0s
[Parallel(n_jobs=30)]: Done  17 out of  30 | elapsed:    2.1s remaining:    1.6s
[Parallel(n_jobs=30)]: Done  19 out of  30 | elapsed:    2.1s remaining:    1.2s
[Parallel(n_jobs=30)]: Done  21 out of  30 | elapsed:    2.6s remaining:    1.1s
[Parallel(n_jobs=30)]: Done  23 out of  30 | elapsed:    2.8s remaining:    0.9s
[Parallel(n_jobs=30)]: Done  25 out of  30 | elapsed:    2.8s remaining:    0.6s
[Parallel(n_jobs=30)]: Done  27 out of  30 | elapsed:    2.9s remaining:    0.3s
[Parallel(n_jobs=30)]: Done  30 out of  30 | elapsed:    3.1s finished
[Parallel(n_jobs=30)]: Using backend LokyBackend with 30 concurrent workers.
[Parallel(n_jobs=30)]: Done   1 tasks      | elapsed:    2.8s
[Parallel(n_jobs=30)]: Done   3 out of  30 | elapsed:    2.9s remaining:   26.1s
[Parallel(n_jobs=30)]: Done   5 out of  30 | elapsed:    2.9s remaining:   14.5s
[Parallel(n_jobs=30)]: Done   7 out of  30 | elapsed:    3.0s remaining:    9.7s
[Parallel(n_jobs=30)]: Done   9 out of  30 | elapsed:    3.0s remaining:    6.9s
[Parallel(n_jobs=30)]: Done  11 out of  30 | elapsed:    3.0s remaining:    5.1s
[Parallel(n_jobs=30)]: Done  13 out of  30 | elapsed:    3.0s remaining:    3.9s
[Parallel(n_jobs=30)]: Done  15 out of  30 | elapsed:    3.0s remaining:    3.0s
[Parallel(n_jobs=30)]: Done  17 out of  30 | elapsed:    3.0s remaining:    2.3s
[Parallel(n_jobs=30)]: Done  19 out of  30 | elapsed:    3.1s remaining:    1.8s
[Parallel(n_jobs=30)]: Done  21 out of  30 | elapsed:    4.1s remaining:    1.8s
[Parallel(n_jobs=30)]: Done  23 out of  30 | elapsed:    4.2s remaining:    1.3s
[Parallel(n_jobs=30)]: Done  25 out of  30 | elapsed:    4.2s remaining:    0.8s
[Parallel(n_jobs=30)]: Done  27 out of  30 | elapsed:    4.2s remaining:    0.5s
[Parallel(n_jobs=30)]: Done  30 out of  30 | elapsed:    4.4s finished
[Parallel(n_jobs=30)]: Using backend LokyBackend with 30 concurrent workers.
[Parallel(n_jobs=30)]: Done   1 tasks      | elapsed:    3.1s
[Parallel(n_jobs=30)]: Done   3 out of  30 | elapsed:    3.2s remaining:   28.9s
[Parallel(n_jobs=30)]: Done   5 out of  30 | elapsed:    3.2s remaining:   16.2s
[Parallel(n_jobs=30)]: Done   7 out of  30 | elapsed:    3.2s remaining:   10.7s
[Parallel(n_jobs=30)]: Done   9 out of  30 | elapsed:    3.3s remaining:    7.7s
[Parallel(n_jobs=30)]: Done  11 out of  30 | elapsed:    3.3s remaining:    5.7s
[Parallel(n_jobs=30)]: Done  13 out of  30 | elapsed:    3.3s remaining:    4.3s
[Parallel(n_jobs=30)]: Done  15 out of  30 | elapsed:    3.3s remaining:    3.3s
[Parallel(n_jobs=30)]: Done  17 out of  30 | elapsed:    3.3s remaining:    2.5s
[Parallel(n_jobs=30)]: Done  19 out of  30 | elapsed:    3.3s remaining:    1.9s
[Parallel(n_jobs=30)]: Done  21 out of  30 | elapsed:    4.5s remaining:    1.9s
[Parallel(n_jobs=30)]: Done  23 out of  30 | elapsed:    4.5s remaining:    1.4s
[Parallel(n_jobs=30)]: Done  25 out of  30 | elapsed:    4.6s remaining:    0.9s
[Parallel(n_jobs=30)]: Done  27 out of  30 | elapsed:    4.7s remaining:    0.5s
[Parallel(n_jobs=30)]: Done  30 out of  30 | elapsed:    4.7s finished
[Parallel(n_jobs=30)]: Using backend LokyBackend with 30 concurrent workers.
[Parallel(n_jobs=30)]: Done   1 tasks      | elapsed:    6.4s
[Parallel(n_jobs=30)]: Done   3 out of  30 | elapsed:    6.5s remaining:   58.1s
[Parallel(n_jobs=30)]: Done   5 out of  30 | elapsed:    6.5s remaining:   32.4s
[Parallel(n_jobs=30)]: Done   7 out of  30 | elapsed:    6.6s remaining:   21.5s
[Parallel(n_jobs=30)]: Done   9 out of  30 | elapsed:    6.6s remaining:   15.4s
[Parallel(n_jobs=30)]: Done  11 out of  30 | elapsed:    6.6s remaining:   11.4s
[Parallel(n_jobs=30)]: Done  13 out of  30 | elapsed:    6.6s remaining:    8.7s
[Parallel(n_jobs=30)]: Done  15 out of  30 | elapsed:    6.7s remaining:    6.7s
[Parallel(n_jobs=30)]: Done  17 out of  30 | elapsed:    6.7s remaining:    5.2s
[Parallel(n_jobs=30)]: Done  19 out of  30 | elapsed:    6.8s remaining:    3.9s
[Parallel(n_jobs=30)]: Done  21 out of  30 | elapsed:    8.9s remaining:    3.8s
[Parallel(n_jobs=30)]: Done  23 out of  30 | elapsed:    9.0s remaining:    2.8s
[Parallel(n_jobs=30)]: Done  25 out of  30 | elapsed:    9.3s remaining:    1.9s
[Parallel(n_jobs=30)]: Done  27 out of  30 | elapsed:    9.5s remaining:    1.1s
[Parallel(n_jobs=30)]: Done  30 out of  30 | elapsed:   10.2s finished
[Parallel(n_jobs=30)]: Using backend LokyBackend with 30 concurrent workers.
[Parallel(n_jobs=30)]: Done   1 tasks      | elapsed:    8.0s
[Parallel(n_jobs=30)]: Done   3 out of  30 | elapsed:    8.1s remaining:  1.2min
[Parallel(n_jobs=30)]: Done   5 out of  30 | elapsed:    8.1s remaining:   40.5s
[Parallel(n_jobs=30)]: Done   7 out of  30 | elapsed:    8.1s remaining:   26.7s
[Parallel(n_jobs=30)]: Done   9 out of  30 | elapsed:    8.3s remaining:   19.3s
[Parallel(n_jobs=30)]: Done  11 out of  30 | elapsed:    8.3s remaining:   14.3s
[Parallel(n_jobs=30)]: Done  13 out of  30 | elapsed:    8.3s remaining:   10.9s
[Parallel(n_jobs=30)]: Done  15 out of  30 | elapsed:    8.4s remaining:    8.4s
[Parallel(n_jobs=30)]: Done  17 out of  30 | elapsed:    8.4s remaining:    6.5s
[Parallel(n_jobs=30)]: Done  19 out of  30 | elapsed:    8.6s remaining:    5.0s
[Parallel(n_jobs=30)]: Done  21 out of  30 | elapsed:   11.1s remaining:    4.8s
[Parallel(n_jobs=30)]: Done  23 out of  30 | elapsed:   11.4s remaining:    3.5s
[Parallel(n_jobs=30)]: Done  25 out of  30 | elapsed:   11.4s remaining:    2.3s
[Parallel(n_jobs=30)]: Done  27 out of  30 | elapsed:   11.6s remaining:    1.3s
[Parallel(n_jobs=30)]: Done  30 out of  30 | elapsed:   12.7s finished
[Parallel(n_jobs=30)]: Using backend LokyBackend with 30 concurrent workers.
[Parallel(n_jobs=30)]: Done   1 tasks      | elapsed:   13.6s
[Parallel(n_jobs=30)]: Done   3 out of  30 | elapsed:   13.8s remaining:  2.1min
[Parallel(n_jobs=30)]: Done   5 out of  30 | elapsed:   13.9s remaining:  1.2min
[Parallel(n_jobs=30)]: Done   7 out of  30 | elapsed:   14.1s remaining:   46.2s
[Parallel(n_jobs=30)]: Done   9 out of  30 | elapsed:   14.1s remaining:   32.9s
[Parallel(n_jobs=30)]: Done  11 out of  30 | elapsed:   14.2s remaining:   24.5s
[Parallel(n_jobs=30)]: Done  13 out of  30 | elapsed:   14.3s remaining:   18.7s
[Parallel(n_jobs=30)]: Done  15 out of  30 | elapsed:   14.3s remaining:   14.3s
[Parallel(n_jobs=30)]: Done  17 out of  30 | elapsed:   14.3s remaining:   11.0s
[Parallel(n_jobs=30)]: Done  19 out of  30 | elapsed:   14.4s remaining:    8.4s
[Parallel(n_jobs=30)]: Done  21 out of  30 | elapsed:   19.1s remaining:    8.2s
[Parallel(n_jobs=30)]: Done  23 out of  30 | elapsed:   19.2s remaining:    5.8s
[Parallel(n_jobs=30)]: Done  25 out of  30 | elapsed:   19.5s remaining:    3.9s
[Parallel(n_jobs=30)]: Done  27 out of  30 | elapsed:   19.6s remaining:    2.2s
[Parallel(n_jobs=30)]: Done  30 out of  30 | elapsed:   20.0s finished
[Parallel(n_jobs=30)]: Using backend LokyBackend with 30 concurrent workers.
[Parallel(n_jobs=30)]: Done   1 tasks      | elapsed:   16.4s
[Parallel(n_jobs=30)]: Done   3 out of  30 | elapsed:   16.6s remaining:  2.5min
[Parallel(n_jobs=30)]: Done   5 out of  30 | elapsed:   16.6s remaining:  1.4min
[Parallel(n_jobs=30)]: Done   7 out of  30 | elapsed:   16.7s remaining:   55.0s
[Parallel(n_jobs=30)]: Done   9 out of  30 | elapsed:   16.9s remaining:   39.4s
[Parallel(n_jobs=30)]: Done  11 out of  30 | elapsed:   16.9s remaining:   29.2s
[Parallel(n_jobs=30)]: Done  13 out of  30 | elapsed:   16.9s remaining:   22.2s
[Parallel(n_jobs=30)]: Done  15 out of  30 | elapsed:   17.2s remaining:   17.2s
[Parallel(n_jobs=30)]: Done  17 out of  30 | elapsed:   17.4s remaining:   13.3s
[Parallel(n_jobs=30)]: Done  19 out of  30 | elapsed:   17.5s remaining:   10.1s
[Parallel(n_jobs=30)]: Done  21 out of  30 | elapsed:   23.1s remaining:    9.9s
[Parallel(n_jobs=30)]: Done  23 out of  30 | elapsed:   23.3s remaining:    7.1s
[Parallel(n_jobs=30)]: Done  25 out of  30 | elapsed:   23.7s remaining:    4.7s
[Parallel(n_jobs=30)]: Done  27 out of  30 | elapsed:   23.8s remaining:    2.6s
[Parallel(n_jobs=30)]: Done  30 out of  30 | elapsed:   26.0s finished
[Parallel(n_jobs=30)]: Using backend LokyBackend with 30 concurrent workers.
[Parallel(n_jobs=30)]: Done   1 tasks      | elapsed:    2.0s
[Parallel(n_jobs=30)]: Done   3 out of  30 | elapsed:    2.0s remaining:   17.8s
[Parallel(n_jobs=30)]: Done   5 out of  30 | elapsed:    2.0s remaining:    9.9s
[Parallel(n_jobs=30)]: Done   7 out of  30 | elapsed:    2.0s remaining:    6.6s
[Parallel(n_jobs=30)]: Done   9 out of  30 | elapsed:    2.0s remaining:    4.7s
[Parallel(n_jobs=30)]: Done  11 out of  30 | elapsed:    2.0s remaining:    3.5s
[Parallel(n_jobs=30)]: Done  13 out of  30 | elapsed:    2.0s remaining:    2.7s
[Parallel(n_jobs=30)]: Done  15 out of  30 | elapsed:    2.0s remaining:    2.0s
[Parallel(n_jobs=30)]: Done  17 out of  30 | elapsed:    2.1s remaining:    1.6s
[Parallel(n_jobs=30)]: Done  19 out of  30 | elapsed:    2.1s remaining:    1.2s
[Parallel(n_jobs=30)]: Done  21 out of  30 | elapsed:    2.7s remaining:    1.2s
[Parallel(n_jobs=30)]: Done  23 out of  30 | elapsed:    2.8s remaining:    0.8s
[Parallel(n_jobs=30)]: Done  25 out of  30 | elapsed:    2.8s remaining:    0.6s
[Parallel(n_jobs=30)]: Done  27 out of  30 | elapsed:    2.9s remaining:    0.3s
[Parallel(n_jobs=30)]: Done  30 out of  30 | elapsed:    3.1s finished
[Parallel(n_jobs=30)]: Using backend LokyBackend with 30 concurrent workers.
[Parallel(n_jobs=30)]: Done   1 tasks      | elapsed:    2.0s
[Parallel(n_jobs=30)]: Done   3 out of  30 | elapsed:    2.0s remaining:   18.1s
[Parallel(n_jobs=30)]: Done   5 out of  30 | elapsed:    2.0s remaining:   10.1s
[Parallel(n_jobs=30)]: Done   7 out of  30 | elapsed:    2.0s remaining:    6.7s
[Parallel(n_jobs=30)]: Done   9 out of  30 | elapsed:    2.0s remaining:    4.8s
[Parallel(n_jobs=30)]: Done  11 out of  30 | elapsed:    2.1s remaining:    3.5s
[Parallel(n_jobs=30)]: Done  13 out of  30 | elapsed:    2.1s remaining:    2.7s
[Parallel(n_jobs=30)]: Done  15 out of  30 | elapsed:    2.1s remaining:    2.1s
[Parallel(n_jobs=30)]: Done  17 out of  30 | elapsed:    2.1s remaining:    1.6s
[Parallel(n_jobs=30)]: Done  19 out of  30 | elapsed:    2.4s remaining:    1.4s
[Parallel(n_jobs=30)]: Done  21 out of  30 | elapsed:    2.8s remaining:    1.2s
[Parallel(n_jobs=30)]: Done  23 out of  30 | elapsed:    2.9s remaining:    0.9s
[Parallel(n_jobs=30)]: Done  25 out of  30 | elapsed:    2.9s remaining:    0.6s
[Parallel(n_jobs=30)]: Done  27 out of  30 | elapsed:    2.9s remaining:    0.3s
[Parallel(n_jobs=30)]: Done  30 out of  30 | elapsed:    3.0s finished
[Parallel(n_jobs=30)]: Using backend LokyBackend with 30 concurrent workers.
[Parallel(n_jobs=30)]: Done   1 tasks      | elapsed:    2.9s
[Parallel(n_jobs=30)]: Done   3 out of  30 | elapsed:    2.9s remaining:   26.2s
[Parallel(n_jobs=30)]: Done   5 out of  30 | elapsed:    2.9s remaining:   14.7s
[Parallel(n_jobs=30)]: Done   7 out of  30 | elapsed:    3.0s remaining:    9.7s
[Parallel(n_jobs=30)]: Done   9 out of  30 | elapsed:    3.0s remaining:    7.0s
[Parallel(n_jobs=30)]: Done  11 out of  30 | elapsed:    3.0s remaining:    5.2s
[Parallel(n_jobs=30)]: Done  13 out of  30 | elapsed:    3.0s remaining:    3.9s
[Parallel(n_jobs=30)]: Done  15 out of  30 | elapsed:    3.0s remaining:    3.0s
[Parallel(n_jobs=30)]: Done  17 out of  30 | elapsed:    3.0s remaining:    2.3s
[Parallel(n_jobs=30)]: Done  19 out of  30 | elapsed:    3.0s remaining:    1.8s
[Parallel(n_jobs=30)]: Done  21 out of  30 | elapsed:    4.1s remaining:    1.7s
[Parallel(n_jobs=30)]: Done  23 out of  30 | elapsed:    4.1s remaining:    1.3s
[Parallel(n_jobs=30)]: Done  25 out of  30 | elapsed:    4.2s remaining:    0.8s
[Parallel(n_jobs=30)]: Done  27 out of  30 | elapsed:    4.3s remaining:    0.5s
[Parallel(n_jobs=30)]: Done  30 out of  30 | elapsed:    4.4s finished
[Parallel(n_jobs=30)]: Using backend LokyBackend with 30 concurrent workers.
[Parallel(n_jobs=30)]: Done   1 tasks      | elapsed:    3.2s
[Parallel(n_jobs=30)]: Done   3 out of  30 | elapsed:    3.2s remaining:   28.8s
[Parallel(n_jobs=30)]: Done   5 out of  30 | elapsed:    3.2s remaining:   16.2s
[Parallel(n_jobs=30)]: Done   7 out of  30 | elapsed:    3.2s remaining:   10.7s
[Parallel(n_jobs=30)]: Done   9 out of  30 | elapsed:    3.3s remaining:    7.7s
[Parallel(n_jobs=30)]: Done  11 out of  30 | elapsed:    3.3s remaining:    5.7s
[Parallel(n_jobs=30)]: Done  13 out of  30 | elapsed:    3.3s remaining:    4.3s
[Parallel(n_jobs=30)]: Done  15 out of  30 | elapsed:    3.3s remaining:    3.3s
[Parallel(n_jobs=30)]: Done  17 out of  30 | elapsed:    3.4s remaining:    2.6s
[Parallel(n_jobs=30)]: Done  19 out of  30 | elapsed:    3.6s remaining:    2.1s
[Parallel(n_jobs=30)]: Done  21 out of  30 | elapsed:    4.3s remaining:    1.8s
[Parallel(n_jobs=30)]: Done  23 out of  30 | elapsed:    4.5s remaining:    1.4s
[Parallel(n_jobs=30)]: Done  25 out of  30 | elapsed:    4.6s remaining:    0.9s
[Parallel(n_jobs=30)]: Done  27 out of  30 | elapsed:    4.7s remaining:    0.5s
[Parallel(n_jobs=30)]: Done  30 out of  30 | elapsed:    5.1s finished
[Parallel(n_jobs=30)]: Using backend LokyBackend with 30 concurrent workers.
[Parallel(n_jobs=30)]: Done   1 tasks      | elapsed:    6.3s
[Parallel(n_jobs=30)]: Done   3 out of  30 | elapsed:    6.4s remaining:   57.6s
[Parallel(n_jobs=30)]: Done   5 out of  30 | elapsed:    6.5s remaining:   32.4s
[Parallel(n_jobs=30)]: Done   7 out of  30 | elapsed:    6.6s remaining:   21.6s
[Parallel(n_jobs=30)]: Done   9 out of  30 | elapsed:    6.6s remaining:   15.4s
[Parallel(n_jobs=30)]: Done  11 out of  30 | elapsed:    6.6s remaining:   11.5s
[Parallel(n_jobs=30)]: Done  13 out of  30 | elapsed:    6.6s remaining:    8.7s
[Parallel(n_jobs=30)]: Done  15 out of  30 | elapsed:    6.7s remaining:    6.7s
[Parallel(n_jobs=30)]: Done  17 out of  30 | elapsed:    6.7s remaining:    5.1s
[Parallel(n_jobs=30)]: Done  19 out of  30 | elapsed:    6.7s remaining:    3.9s
[Parallel(n_jobs=30)]: Done  21 out of  30 | elapsed:    9.1s remaining:    3.9s
[Parallel(n_jobs=30)]: Done  23 out of  30 | elapsed:    9.2s remaining:    2.8s
[Parallel(n_jobs=30)]: Done  25 out of  30 | elapsed:    9.4s remaining:    1.9s
[Parallel(n_jobs=30)]: Done  27 out of  30 | elapsed:    9.4s remaining:    1.0s
[Parallel(n_jobs=30)]: Done  30 out of  30 | elapsed:    9.5s finished
[Parallel(n_jobs=30)]: Using backend LokyBackend with 30 concurrent workers.
[Parallel(n_jobs=30)]: Done   1 tasks      | elapsed:    8.1s
[Parallel(n_jobs=30)]: Done   3 out of  30 | elapsed:    8.1s remaining:  1.2min
[Parallel(n_jobs=30)]: Done   5 out of  30 | elapsed:    8.1s remaining:   40.6s
[Parallel(n_jobs=30)]: Done   7 out of  30 | elapsed:    8.1s remaining:   26.8s
[Parallel(n_jobs=30)]: Done   9 out of  30 | elapsed:    8.2s remaining:   19.1s
[Parallel(n_jobs=30)]: Done  11 out of  30 | elapsed:    8.3s remaining:   14.3s
[Parallel(n_jobs=30)]: Done  13 out of  30 | elapsed:    8.3s remaining:   10.9s
[Parallel(n_jobs=30)]: Done  15 out of  30 | elapsed:    8.4s remaining:    8.4s
[Parallel(n_jobs=30)]: Done  17 out of  30 | elapsed:    8.5s remaining:    6.5s
[Parallel(n_jobs=30)]: Done  19 out of  30 | elapsed:    8.6s remaining:    5.0s
[Parallel(n_jobs=30)]: Done  21 out of  30 | elapsed:   11.3s remaining:    4.9s
[Parallel(n_jobs=30)]: Done  23 out of  30 | elapsed:   11.4s remaining:    3.5s
[Parallel(n_jobs=30)]: Done  25 out of  30 | elapsed:   11.6s remaining:    2.3s
[Parallel(n_jobs=30)]: Done  27 out of  30 | elapsed:   11.7s remaining:    1.3s
[Parallel(n_jobs=30)]: Done  30 out of  30 | elapsed:   12.6s finished
[Parallel(n_jobs=30)]: Using backend LokyBackend with 30 concurrent workers.
[Parallel(n_jobs=30)]: Done   1 tasks      | elapsed:   13.6s
[Parallel(n_jobs=30)]: Done   3 out of  30 | elapsed:   13.7s remaining:  2.1min
[Parallel(n_jobs=30)]: Done   5 out of  30 | elapsed:   13.8s remaining:  1.2min
[Parallel(n_jobs=30)]: Done   7 out of  30 | elapsed:   13.9s remaining:   45.6s
[Parallel(n_jobs=30)]: Done   9 out of  30 | elapsed:   14.1s remaining:   32.8s
[Parallel(n_jobs=30)]: Done  11 out of  30 | elapsed:   14.1s remaining:   24.3s
[Parallel(n_jobs=30)]: Done  13 out of  30 | elapsed:   14.2s remaining:   18.5s
[Parallel(n_jobs=30)]: Done  15 out of  30 | elapsed:   14.2s remaining:   14.2s
[Parallel(n_jobs=30)]: Done  17 out of  30 | elapsed:   14.3s remaining:   10.9s
[Parallel(n_jobs=30)]: Done  19 out of  30 | elapsed:   14.4s remaining:    8.3s
[Parallel(n_jobs=30)]: Done  21 out of  30 | elapsed:   19.3s remaining:    8.3s
[Parallel(n_jobs=30)]: Done  23 out of  30 | elapsed:   19.5s remaining:    5.9s
[Parallel(n_jobs=30)]: Done  25 out of  30 | elapsed:   19.7s remaining:    3.9s
[Parallel(n_jobs=30)]: Done  27 out of  30 | elapsed:   19.8s remaining:    2.2s
[Parallel(n_jobs=30)]: Done  30 out of  30 | elapsed:   21.9s finished
[Parallel(n_jobs=30)]: Using backend LokyBackend with 30 concurrent workers.
[Parallel(n_jobs=30)]: Done   1 tasks      | elapsed:   16.4s
[Parallel(n_jobs=30)]: Done   3 out of  30 | elapsed:   16.5s remaining:  2.5min
[Parallel(n_jobs=30)]: Done   5 out of  30 | elapsed:   16.7s remaining:  1.4min
[Parallel(n_jobs=30)]: Done   7 out of  30 | elapsed:   16.9s remaining:   55.6s
[Parallel(n_jobs=30)]: Done   9 out of  30 | elapsed:   16.9s remaining:   39.5s
[Parallel(n_jobs=30)]: Done  11 out of  30 | elapsed:   17.0s remaining:   29.3s
[Parallel(n_jobs=30)]: Done  13 out of  30 | elapsed:   17.2s remaining:   22.5s
[Parallel(n_jobs=30)]: Done  15 out of  30 | elapsed:   17.2s remaining:   17.2s
[Parallel(n_jobs=30)]: Done  17 out of  30 | elapsed:   17.3s remaining:   13.2s
[Parallel(n_jobs=30)]: Done  19 out of  30 | elapsed:   17.5s remaining:   10.1s
[Parallel(n_jobs=30)]: Done  21 out of  30 | elapsed:   22.8s remaining:    9.8s
[Parallel(n_jobs=30)]: Done  23 out of  30 | elapsed:   23.2s remaining:    7.1s
[Parallel(n_jobs=30)]: Done  25 out of  30 | elapsed:   23.3s remaining:    4.7s
[Parallel(n_jobs=30)]: Done  27 out of  30 | elapsed:   23.5s remaining:    2.6s
[Parallel(n_jobs=30)]: Done  30 out of  30 | elapsed:   25.9s finished
[Parallel(n_jobs=30)]: Using backend LokyBackend with 30 concurrent workers.
[Parallel(n_jobs=30)]: Done   1 tasks      | elapsed:    2.0s
[Parallel(n_jobs=30)]: Done   3 out of  30 | elapsed:    2.0s remaining:   18.2s
[Parallel(n_jobs=30)]: Done   5 out of  30 | elapsed:    2.0s remaining:   10.1s
[Parallel(n_jobs=30)]: Done   7 out of  30 | elapsed:    2.1s remaining:    6.7s
[Parallel(n_jobs=30)]: Done   9 out of  30 | elapsed:    2.1s remaining:    4.8s
[Parallel(n_jobs=30)]: Done  11 out of  30 | elapsed:    2.1s remaining:    3.6s
[Parallel(n_jobs=30)]: Done  13 out of  30 | elapsed:    2.1s remaining:    2.7s
[Parallel(n_jobs=30)]: Done  15 out of  30 | elapsed:    2.1s remaining:    2.1s
[Parallel(n_jobs=30)]: Done  17 out of  30 | elapsed:    2.1s remaining:    1.6s
[Parallel(n_jobs=30)]: Done  19 out of  30 | elapsed:    2.1s remaining:    1.2s
[Parallel(n_jobs=30)]: Done  21 out of  30 | elapsed:    2.9s remaining:    1.2s
[Parallel(n_jobs=30)]: Done  23 out of  30 | elapsed:    2.9s remaining:    0.9s
[Parallel(n_jobs=30)]: Done  25 out of  30 | elapsed:    3.0s remaining:    0.6s
[Parallel(n_jobs=30)]: Done  27 out of  30 | elapsed:    3.0s remaining:    0.3s
[Parallel(n_jobs=30)]: Done  30 out of  30 | elapsed:    3.3s finished
[Parallel(n_jobs=30)]: Using backend LokyBackend with 30 concurrent workers.
[Parallel(n_jobs=30)]: Done   1 tasks      | elapsed:    2.0s
[Parallel(n_jobs=30)]: Done   3 out of  30 | elapsed:    2.0s remaining:   18.4s
[Parallel(n_jobs=30)]: Done   5 out of  30 | elapsed:    2.0s remaining:   10.2s
[Parallel(n_jobs=30)]: Done   7 out of  30 | elapsed:    2.1s remaining:    6.8s
[Parallel(n_jobs=30)]: Done   9 out of  30 | elapsed:    2.1s remaining:    4.9s
[Parallel(n_jobs=30)]: Done  11 out of  30 | elapsed:    2.1s remaining:    3.6s
[Parallel(n_jobs=30)]: Done  13 out of  30 | elapsed:    2.1s remaining:    2.7s
[Parallel(n_jobs=30)]: Done  15 out of  30 | elapsed:    2.1s remaining:    2.1s
[Parallel(n_jobs=30)]: Done  17 out of  30 | elapsed:    2.1s remaining:    1.6s
[Parallel(n_jobs=30)]: Done  19 out of  30 | elapsed:    2.1s remaining:    1.2s
[Parallel(n_jobs=30)]: Done  21 out of  30 | elapsed:    2.9s remaining:    1.2s
[Parallel(n_jobs=30)]: Done  23 out of  30 | elapsed:    2.9s remaining:    0.9s
[Parallel(n_jobs=30)]: Done  25 out of  30 | elapsed:    2.9s remaining:    0.6s
[Parallel(n_jobs=30)]: Done  27 out of  30 | elapsed:    3.0s remaining:    0.3s
[Parallel(n_jobs=30)]: Done  30 out of  30 | elapsed:    3.1s finished
[Parallel(n_jobs=30)]: Using backend LokyBackend with 30 concurrent workers.
[Parallel(n_jobs=30)]: Done   1 tasks      | elapsed:    2.9s
[Parallel(n_jobs=30)]: Done   3 out of  30 | elapsed:    2.9s remaining:   26.4s
[Parallel(n_jobs=30)]: Done   5 out of  30 | elapsed:    3.0s remaining:   14.8s
[Parallel(n_jobs=30)]: Done   7 out of  30 | elapsed:    3.0s remaining:   10.0s
[Parallel(n_jobs=30)]: Done   9 out of  30 | elapsed:    3.0s remaining:    7.1s
[Parallel(n_jobs=30)]: Done  11 out of  30 | elapsed:    3.0s remaining:    5.3s
[Parallel(n_jobs=30)]: Done  13 out of  30 | elapsed:    3.1s remaining:    4.0s
[Parallel(n_jobs=30)]: Done  15 out of  30 | elapsed:    3.1s remaining:    3.1s
[Parallel(n_jobs=30)]: Done  17 out of  30 | elapsed:    3.1s remaining:    2.4s
[Parallel(n_jobs=30)]: Done  19 out of  30 | elapsed:    3.1s remaining:    1.8s
[Parallel(n_jobs=30)]: Done  21 out of  30 | elapsed:    4.1s remaining:    1.8s
[Parallel(n_jobs=30)]: Done  23 out of  30 | elapsed:    4.2s remaining:    1.3s
[Parallel(n_jobs=30)]: Done  25 out of  30 | elapsed:    4.2s remaining:    0.8s
[Parallel(n_jobs=30)]: Done  27 out of  30 | elapsed:    4.3s remaining:    0.5s
[Parallel(n_jobs=30)]: Done  30 out of  30 | elapsed:    4.8s finished
[Parallel(n_jobs=30)]: Using backend LokyBackend with 30 concurrent workers.
[Parallel(n_jobs=30)]: Done   1 tasks      | elapsed:    3.2s
[Parallel(n_jobs=30)]: Done   3 out of  30 | elapsed:    3.2s remaining:   28.8s
[Parallel(n_jobs=30)]: Done   5 out of  30 | elapsed:    3.2s remaining:   16.1s
[Parallel(n_jobs=30)]: Done   7 out of  30 | elapsed:    3.2s remaining:   10.6s
[Parallel(n_jobs=30)]: Done   9 out of  30 | elapsed:    3.3s remaining:    7.6s
[Parallel(n_jobs=30)]: Done  11 out of  30 | elapsed:    3.3s remaining:    5.7s
[Parallel(n_jobs=30)]: Done  13 out of  30 | elapsed:    3.3s remaining:    4.3s
[Parallel(n_jobs=30)]: Done  15 out of  30 | elapsed:    3.3s remaining:    3.3s
[Parallel(n_jobs=30)]: Done  17 out of  30 | elapsed:    3.3s remaining:    2.6s
[Parallel(n_jobs=30)]: Done  19 out of  30 | elapsed:    3.3s remaining:    1.9s
[Parallel(n_jobs=30)]: Done  21 out of  30 | elapsed:    4.5s remaining:    1.9s
[Parallel(n_jobs=30)]: Done  23 out of  30 | elapsed:    4.5s remaining:    1.4s
[Parallel(n_jobs=30)]: Done  25 out of  30 | elapsed:    4.6s remaining:    0.9s
[Parallel(n_jobs=30)]: Done  27 out of  30 | elapsed:    4.6s remaining:    0.5s
[Parallel(n_jobs=30)]: Done  30 out of  30 | elapsed:    4.8s finished
[Parallel(n_jobs=30)]: Using backend LokyBackend with 30 concurrent workers.
[Parallel(n_jobs=30)]: Done   1 tasks      | elapsed:    6.4s
[Parallel(n_jobs=30)]: Done   3 out of  30 | elapsed:    6.4s remaining:   58.0s
[Parallel(n_jobs=30)]: Done   5 out of  30 | elapsed:    6.6s remaining:   33.0s
[Parallel(n_jobs=30)]: Done   7 out of  30 | elapsed:    6.6s remaining:   21.7s
[Parallel(n_jobs=30)]: Done   9 out of  30 | elapsed:    6.6s remaining:   15.5s
[Parallel(n_jobs=30)]: Done  11 out of  30 | elapsed:    6.7s remaining:   11.5s
[Parallel(n_jobs=30)]: Done  13 out of  30 | elapsed:    6.7s remaining:    8.8s
[Parallel(n_jobs=30)]: Done  15 out of  30 | elapsed:    6.7s remaining:    6.7s
[Parallel(n_jobs=30)]: Done  17 out of  30 | elapsed:    6.8s remaining:    5.2s
[Parallel(n_jobs=30)]: Done  19 out of  30 | elapsed:    6.8s remaining:    3.9s
[Parallel(n_jobs=30)]: Done  21 out of  30 | elapsed:    8.9s remaining:    3.8s
[Parallel(n_jobs=30)]: Done  23 out of  30 | elapsed:    9.2s remaining:    2.8s
[Parallel(n_jobs=30)]: Done  25 out of  30 | elapsed:    9.2s remaining:    1.8s
[Parallel(n_jobs=30)]: Done  27 out of  30 | elapsed:    9.4s remaining:    1.0s
[Parallel(n_jobs=30)]: Done  30 out of  30 | elapsed:   10.0s finished
[Parallel(n_jobs=30)]: Using backend LokyBackend with 30 concurrent workers.
[Parallel(n_jobs=30)]: Done   1 tasks      | elapsed:    8.0s
[Parallel(n_jobs=30)]: Done   3 out of  30 | elapsed:    8.1s remaining:  1.2min
[Parallel(n_jobs=30)]: Done   5 out of  30 | elapsed:    8.2s remaining:   40.8s
[Parallel(n_jobs=30)]: Done   7 out of  30 | elapsed:    8.2s remaining:   27.0s
[Parallel(n_jobs=30)]: Done   9 out of  30 | elapsed:    8.2s remaining:   19.2s
[Parallel(n_jobs=30)]: Done  11 out of  30 | elapsed:    8.3s remaining:   14.3s
[Parallel(n_jobs=30)]: Done  13 out of  30 | elapsed:    8.3s remaining:   10.9s
[Parallel(n_jobs=30)]: Done  15 out of  30 | elapsed:    8.3s remaining:    8.3s
[Parallel(n_jobs=30)]: Done  17 out of  30 | elapsed:    8.4s remaining:    6.4s
[Parallel(n_jobs=30)]: Done  19 out of  30 | elapsed:    8.5s remaining:    4.9s
[Parallel(n_jobs=30)]: Done  21 out of  30 | elapsed:   11.1s remaining:    4.8s
[Parallel(n_jobs=30)]: Done  23 out of  30 | elapsed:   11.2s remaining:    3.4s
[Parallel(n_jobs=30)]: Done  25 out of  30 | elapsed:   11.3s remaining:    2.3s
[Parallel(n_jobs=30)]: Done  27 out of  30 | elapsed:   11.6s remaining:    1.3s
[Parallel(n_jobs=30)]: Done  30 out of  30 | elapsed:   12.6s finished
[Parallel(n_jobs=30)]: Using backend LokyBackend with 30 concurrent workers.
[Parallel(n_jobs=30)]: Done   1 tasks      | elapsed:   13.7s
[Parallel(n_jobs=30)]: Done   3 out of  30 | elapsed:   13.8s remaining:  2.1min
[Parallel(n_jobs=30)]: Done   5 out of  30 | elapsed:   14.0s remaining:  1.2min
[Parallel(n_jobs=30)]: Done   7 out of  30 | elapsed:   14.0s remaining:   46.1s
[Parallel(n_jobs=30)]: Done   9 out of  30 | elapsed:   14.1s remaining:   33.0s
[Parallel(n_jobs=30)]: Done  11 out of  30 | elapsed:   14.2s remaining:   24.6s
[Parallel(n_jobs=30)]: Done  13 out of  30 | elapsed:   14.2s remaining:   18.6s
[Parallel(n_jobs=30)]: Done  15 out of  30 | elapsed:   14.3s remaining:   14.3s
[Parallel(n_jobs=30)]: Done  17 out of  30 | elapsed:   14.4s remaining:   11.0s
[Parallel(n_jobs=30)]: Done  19 out of  30 | elapsed:   16.3s remaining:    9.4s
[Parallel(n_jobs=30)]: Done  21 out of  30 | elapsed:   16.8s remaining:    7.2s
[Parallel(n_jobs=30)]: Done  23 out of  30 | elapsed:   18.9s remaining:    5.7s
[Parallel(n_jobs=30)]: Done  25 out of  30 | elapsed:   19.4s remaining:    3.9s
[Parallel(n_jobs=30)]: Done  27 out of  30 | elapsed:   19.7s remaining:    2.2s
[Parallel(n_jobs=30)]: Done  30 out of  30 | elapsed:   21.5s finished
[Parallel(n_jobs=30)]: Using backend LokyBackend with 30 concurrent workers.
[Parallel(n_jobs=30)]: Done   1 tasks      | elapsed:   16.5s
[Parallel(n_jobs=30)]: Done   3 out of  30 | elapsed:   16.7s remaining:  2.5min
[Parallel(n_jobs=30)]: Done   5 out of  30 | elapsed:   16.8s remaining:  1.4min
[Parallel(n_jobs=30)]: Done   7 out of  30 | elapsed:   16.8s remaining:   55.1s
[Parallel(n_jobs=30)]: Done   9 out of  30 | elapsed:   16.9s remaining:   39.4s
[Parallel(n_jobs=30)]: Done  11 out of  30 | elapsed:   16.9s remaining:   29.2s
[Parallel(n_jobs=30)]: Done  13 out of  30 | elapsed:   17.0s remaining:   22.2s
[Parallel(n_jobs=30)]: Done  15 out of  30 | elapsed:   17.2s remaining:   17.2s
[Parallel(n_jobs=30)]: Done  17 out of  30 | elapsed:   17.3s remaining:   13.3s
[Parallel(n_jobs=30)]: Done  19 out of  30 | elapsed:   17.4s remaining:   10.1s
[Parallel(n_jobs=30)]: Done  21 out of  30 | elapsed:   22.4s remaining:    9.6s
[Parallel(n_jobs=30)]: Done  23 out of  30 | elapsed:   23.2s remaining:    7.1s
[Parallel(n_jobs=30)]: Done  25 out of  30 | elapsed:   23.5s remaining:    4.7s
[Parallel(n_jobs=30)]: Done  27 out of  30 | elapsed:   23.7s remaining:    2.6s
[Parallel(n_jobs=30)]: Done  30 out of  30 | elapsed:   26.1s finished
epsilon: 1, epsilon_m: [2, 8], gamma: 0, n: 10000, n_m: 20000, d: 2, M: 2, K: 2, if_weighted: True
epsilon: 1, epsilon_m: [2, 8], gamma: 0, n: 10000, n_m: 50000, d: 2, M: 2, K: 2, if_weighted: True
epsilon: 1, epsilon_m: [2, 8], gamma: 0, n: 10000, n_m: 100000, d: 2, M: 2, K: 2, if_weighted: True
epsilon: 2, epsilon_m: [2, 8], gamma: 0, n: 10000, n_m: 10000, d: 2, M: 2, K: 2, if_weighted: True
epsilon: 2, epsilon_m: [2, 8], gamma: 0, n: 10000, n_m: 20000, d: 2, M: 2, K: 2, if_weighted: True
epsilon: 2, epsilon_m: [2, 8], gamma: 0, n: 10000, n_m: 50000, d: 2, M: 2, K: 2, if_weighted: True
epsilon: 2, epsilon_m: [2, 8], gamma: 0, n: 10000, n_m: 100000, d: 2, M: 2, K: 2, if_weighted: True
epsilon: 4, epsilon_m: [2, 8], gamma: 0, n: 10000, n_m: 10000, d: 2, M: 2, K: 2, if_weighted: True
epsilon: 4, epsilon_m: [2, 8], gamma: 0, n: 10000, n_m: 20000, d: 2, M: 2, K: 2, if_weighted: True
epsilon: 4, epsilon_m: [2, 8], gamma: 0, n: 10000, n_m: 50000, d: 2, M: 2, K: 2, if_weighted: True
epsilon: 4, epsilon_m: [2, 8], gamma: 0, n: 10000, n_m: 100000, d: 2, M: 2, K: 2, if_weighted: True
epsilon: 8, epsilon_m: [2, 8], gamma: 0, n: 10000, n_m: 10000, d: 2, M: 2, K: 2, if_weighted: True
epsilon: 8, epsilon_m: [2, 8], gamma: 0, n: 10000, n_m: 20000, d: 2, M: 2, K: 2, if_weighted: True
epsilon: 8, epsilon_m: [2, 8], gamma: 0, n: 10000, n_m: 50000, d: 2, M: 2, K: 2, if_weighted: True
epsilon: 8, epsilon_m: [2, 8], gamma: 0, n: 10000, n_m: 100000, d: 2, M: 2, K: 2, if_weighted: True
